{"numTotalTestSuites":114,"numPassedTestSuites":98,"numFailedTestSuites":16,"numPendingTestSuites":0,"numTotalTests":558,"numPassedTests":545,"numFailedTests":13,"numPendingTests":0,"numTodoTests":0,"snapshot":{"added":0,"failure":false,"filesAdded":0,"filesRemoved":0,"filesRemovedList":[],"filesUnmatched":0,"filesUpdated":0,"matched":0,"total":0,"unchecked":0,"uncheckedKeysByFile":[],"unmatched":0,"updated":0,"didUpdate":false},"startTime":1773094487842,"success":false,"testResults":[{"assertionResults":[{"ancestorTitles":["App"],"fullName":"App renders loading state initially","status":"passed","title":"renders loading state initially","duration":118.10225000000014,"failureMessages":[],"meta":{}},{"ancestorTitles":["App"],"fullName":"App shows workspace picker when no workspace is open","status":"passed","title":"shows workspace picker when no workspace is open","duration":57.8168340000002,"failureMessages":[],"meta":{}}],"startTime":1773094493101,"endTime":1773094493276.817,"status":"passed","message":"","name":"/Users/leco/Documents/open-note/src/App.test.tsx"},{"assertionResults":[{"ancestorTitles":["ipc wrappers"],"fullName":"ipc wrappers getAppState invokes get_app_state","status":"passed","title":"getAppState invokes get_app_state","duration":1.0786249999999882,"failureMessages":[],"meta":{}},{"ancestorTitles":["ipc wrappers"],"fullName":"ipc wrappers createWorkspace invokes with path and name","status":"passed","title":"createWorkspace invokes with path and name","duration":0.3114589999998998,"failureMessages":[],"meta":{}},{"ancestorTitles":["ipc wrappers"],"fullName":"ipc wrappers openWorkspace invokes with path","status":"passed","title":"openWorkspace invokes with path","duration":1.318834000000038,"failureMessages":[],"meta":{}},{"ancestorTitles":["ipc wrappers"],"fullName":"ipc wrappers closeWorkspace invokes close_workspace","status":"passed","title":"closeWorkspace invokes close_workspace","duration":0.6737080000000333,"failureMessages":[],"meta":{}},{"ancestorTitles":["ipc wrappers"],"fullName":"ipc wrappers removeRecentWorkspace invokes with path","status":"passed","title":"removeRecentWorkspace invokes with path","duration":0.8038749999999482,"failureMessages":[],"meta":{}},{"ancestorTitles":["ipc wrappers"],"fullName":"ipc wrappers getWorkspaceSettings invokes get_workspace_settings","status":"passed","title":"getWorkspaceSettings invokes get_workspace_settings","duration":0.11249999999995453,"failureMessages":[],"meta":{}},{"ancestorTitles":["ipc wrappers"],"fullName":"ipc wrappers updateWorkspaceSettings invokes with settings","status":"passed","title":"updateWorkspaceSettings invokes with settings","duration":0.14370900000005804,"failureMessages":[],"meta":{}},{"ancestorTitles":["ipc wrappers"],"fullName":"ipc wrappers getGlobalSettings invokes get_global_settings","status":"passed","title":"getGlobalSettings invokes get_global_settings","duration":0.056207999999969616,"failureMessages":[],"meta":{}},{"ancestorTitles":["ipc wrappers"],"fullName":"ipc wrappers updateGlobalSettings invokes with settings","status":"passed","title":"updateGlobalSettings invokes with settings","duration":0.33045800000002146,"failureMessages":[],"meta":{}},{"ancestorTitles":["ipc wrappers"],"fullName":"ipc wrappers listNotebooks invokes list_notebooks","status":"passed","title":"listNotebooks invokes list_notebooks","duration":0.6925840000000107,"failureMessages":[],"meta":{}},{"ancestorTitles":["ipc wrappers"],"fullName":"ipc wrappers createNotebook invokes with name","status":"passed","title":"createNotebook invokes with name","duration":0.2494170000001077,"failureMessages":[],"meta":{}},{"ancestorTitles":["ipc wrappers"],"fullName":"ipc wrappers renameNotebook invokes with id and name","status":"passed","title":"renameNotebook invokes with id and name","duration":0.07091700000000856,"failureMessages":[],"meta":{}},{"ancestorTitles":["ipc wrappers"],"fullName":"ipc wrappers deleteNotebook invokes with id","status":"passed","title":"deleteNotebook invokes with id","duration":0.05470900000000256,"failureMessages":[],"meta":{}},{"ancestorTitles":["ipc wrappers"],"fullName":"ipc wrappers reorderNotebooks invokes with order","status":"passed","title":"reorderNotebooks invokes with order","duration":0.07399999999995543,"failureMessages":[],"meta":{}},{"ancestorTitles":["ipc wrappers"],"fullName":"ipc wrappers listSections invokes with notebookId","status":"passed","title":"listSections invokes with notebookId","duration":0.044458999999960724,"failureMessages":[],"meta":{}},{"ancestorTitles":["ipc wrappers"],"fullName":"ipc wrappers createSection invokes with notebookId and name","status":"passed","title":"createSection invokes with notebookId and name","duration":0.10045800000000327,"failureMessages":[],"meta":{}},{"ancestorTitles":["ipc wrappers"],"fullName":"ipc wrappers renameSection invokes with id and name","status":"passed","title":"renameSection invokes with id and name","duration":0.04279199999996308,"failureMessages":[],"meta":{}},{"ancestorTitles":["ipc wrappers"],"fullName":"ipc wrappers deleteSection invokes with id","status":"passed","title":"deleteSection invokes with id","duration":0.05224999999995816,"failureMessages":[],"meta":{}},{"ancestorTitles":["ipc wrappers"],"fullName":"ipc wrappers reorderSections invokes with order","status":"passed","title":"reorderSections invokes with order","duration":0.047750000000064574,"failureMessages":[],"meta":{}},{"ancestorTitles":["ipc wrappers"],"fullName":"ipc wrappers listPages invokes with sectionId","status":"passed","title":"listPages invokes with sectionId","duration":0.4126250000000482,"failureMessages":[],"meta":{}},{"ancestorTitles":["ipc wrappers"],"fullName":"ipc wrappers loadPage invokes with pageId","status":"passed","title":"loadPage invokes with pageId","duration":0.1838749999999436,"failureMessages":[],"meta":{}},{"ancestorTitles":["ipc wrappers"],"fullName":"ipc wrappers createPage invokes with sectionId and title","status":"passed","title":"createPage invokes with sectionId and title","duration":0.15012500000000273,"failureMessages":[],"meta":{}},{"ancestorTitles":["ipc wrappers"],"fullName":"ipc wrappers updatePage invokes with page","status":"passed","title":"updatePage invokes with page","duration":0.14620800000000145,"failureMessages":[],"meta":{}},{"ancestorTitles":["ipc wrappers"],"fullName":"ipc wrappers updatePageBlocks invokes with pageId and blocks","status":"passed","title":"updatePageBlocks invokes with pageId and blocks","duration":0.12137499999994361,"failureMessages":[],"meta":{}},{"ancestorTitles":["ipc wrappers"],"fullName":"ipc wrappers deletePage invokes with pageId","status":"passed","title":"deletePage invokes with pageId","duration":0.0949999999999136,"failureMessages":[],"meta":{}},{"ancestorTitles":["ipc wrappers"],"fullName":"ipc wrappers movePage invokes with pageId and targetSectionId","status":"passed","title":"movePage invokes with pageId and targetSectionId","duration":0.10145799999997962,"failureMessages":[],"meta":{}},{"ancestorTitles":["ipc wrappers"],"fullName":"ipc wrappers readFileContent invokes with path","status":"passed","title":"readFileContent invokes with path","duration":0.18829100000004928,"failureMessages":[],"meta":{}},{"ancestorTitles":["ipc wrappers"],"fullName":"ipc wrappers saveFileContent invokes with path and content","status":"passed","title":"saveFileContent invokes with path and content","duration":0.11245800000006057,"failureMessages":[],"meta":{}},{"ancestorTitles":["ipc wrappers"],"fullName":"ipc wrappers importPdf invokes with sectionId and filePath","status":"passed","title":"importPdf invokes with sectionId and filePath","duration":0.30300000000011096,"failureMessages":[],"meta":{}},{"ancestorTitles":["ipc wrappers"],"fullName":"ipc wrappers listAllTags invokes list_all_tags","status":"passed","title":"listAllTags invokes list_all_tags","duration":0.16287499999998545,"failureMessages":[],"meta":{}},{"ancestorTitles":["ipc wrappers"],"fullName":"ipc wrappers listTrashItems invokes list_trash_items","status":"passed","title":"listTrashItems invokes list_trash_items","duration":0.09712500000000546,"failureMessages":[],"meta":{}},{"ancestorTitles":["ipc wrappers"],"fullName":"ipc wrappers restoreFromTrash invokes with trashItemId","status":"passed","title":"restoreFromTrash invokes with trashItemId","duration":0.11229199999991124,"failureMessages":[],"meta":{}},{"ancestorTitles":["ipc wrappers"],"fullName":"ipc wrappers permanentlyDelete invokes with trashItemId","status":"passed","title":"permanentlyDelete invokes with trashItemId","duration":0.09299999999996089,"failureMessages":[],"meta":{}},{"ancestorTitles":["ipc wrappers"],"fullName":"ipc wrappers emptyTrash invokes empty_trash","status":"passed","title":"emptyTrash invokes empty_trash","duration":0.0857499999999618,"failureMessages":[],"meta":{}},{"ancestorTitles":["ipc wrappers"],"fullName":"ipc wrappers searchPages invokes with query","status":"passed","title":"searchPages invokes with query","duration":0.13916599999993196,"failureMessages":[],"meta":{}},{"ancestorTitles":["ipc wrappers"],"fullName":"ipc wrappers quickOpen invokes with query and limit","status":"passed","title":"quickOpen invokes with query and limit","duration":0.12104099999999107,"failureMessages":[],"meta":{}},{"ancestorTitles":["ipc wrappers"],"fullName":"ipc wrappers reindexPage invokes with pageId","status":"passed","title":"reindexPage invokes with pageId","duration":0.1672920000000886,"failureMessages":[],"meta":{}},{"ancestorTitles":["ipc wrappers"],"fullName":"ipc wrappers rebuildIndex invokes rebuild_index","status":"passed","title":"rebuildIndex invokes rebuild_index","duration":0.13770799999997507,"failureMessages":[],"meta":{}},{"ancestorTitles":["ipc wrappers"],"fullName":"ipc wrappers getIndexStatus invokes get_index_status","status":"passed","title":"getIndexStatus invokes get_index_status","duration":0.10275000000001455,"failureMessages":[],"meta":{}},{"ancestorTitles":["ipc wrappers"],"fullName":"ipc wrappers getSyncProviders invokes get_sync_providers","status":"passed","title":"getSyncProviders invokes get_sync_providers","duration":0.0777499999999236,"failureMessages":[],"meta":{}},{"ancestorTitles":["ipc wrappers"],"fullName":"ipc wrappers getSyncStatus invokes get_sync_status","status":"passed","title":"getSyncStatus invokes get_sync_status","duration":0.0741249999999809,"failureMessages":[],"meta":{}},{"ancestorTitles":["ipc wrappers"],"fullName":"ipc wrappers getSyncConfig invokes get_sync_config","status":"passed","title":"getSyncConfig invokes get_sync_config","duration":0.07483400000000984,"failureMessages":[],"meta":{}},{"ancestorTitles":["ipc wrappers"],"fullName":"ipc wrappers setSyncConfig invokes with config","status":"passed","title":"setSyncConfig invokes with config","duration":0.11050000000000182,"failureMessages":[],"meta":{}},{"ancestorTitles":["ipc wrappers"],"fullName":"ipc wrappers getSyncConflicts invokes get_sync_conflicts","status":"passed","title":"getSyncConflicts invokes get_sync_conflicts","duration":0.07725000000004911,"failureMessages":[],"meta":{}},{"ancestorTitles":["ipc wrappers"],"fullName":"ipc wrappers resolveSyncConflict invokes with conflictId and resolution","status":"passed","title":"resolveSyncConflict invokes with conflictId and resolution","duration":0.10550000000000637,"failureMessages":[],"meta":{}}],"startTime":1773094495210,"endTime":1773094495220.1377,"status":"passed","message":"","name":"/Users/leco/Documents/open-note/src/lib/__tests__/ipc.test.ts"},{"assertionResults":[{"ancestorTitles":["tiptapToMarkdown"],"fullName":"tiptapToMarkdown serializes empty doc","status":"passed","title":"serializes empty doc","duration":1.1295840000000226,"failureMessages":[],"meta":{}},{"ancestorTitles":["tiptapToMarkdown"],"fullName":"tiptapToMarkdown serializes paragraph","status":"passed","title":"serializes paragraph","duration":0.48033300000008694,"failureMessages":[],"meta":{}},{"ancestorTitles":["tiptapToMarkdown"],"fullName":"tiptapToMarkdown serializes headings","status":"passed","title":"serializes headings","duration":0.21729200000004312,"failureMessages":[],"meta":{}},{"ancestorTitles":["tiptapToMarkdown"],"fullName":"tiptapToMarkdown serializes bold and italic marks","status":"passed","title":"serializes bold and italic marks","duration":0.12341600000002018,"failureMessages":[],"meta":{}},{"ancestorTitles":["tiptapToMarkdown"],"fullName":"tiptapToMarkdown serializes strike and code marks","status":"passed","title":"serializes strike and code marks","duration":0.05591599999991104,"failureMessages":[],"meta":{}},{"ancestorTitles":["tiptapToMarkdown"],"fullName":"tiptapToMarkdown serializes links","status":"passed","title":"serializes links","duration":0.053625000000010914,"failureMessages":[],"meta":{}},{"ancestorTitles":["tiptapToMarkdown"],"fullName":"tiptapToMarkdown serializes underline with HTML comments","status":"passed","title":"serializes underline with HTML comments","duration":0.035458000000062384,"failureMessages":[],"meta":{}},{"ancestorTitles":["tiptapToMarkdown"],"fullName":"tiptapToMarkdown serializes bullet list","status":"passed","title":"serializes bullet list","duration":0.07241599999997561,"failureMessages":[],"meta":{}},{"ancestorTitles":["tiptapToMarkdown"],"fullName":"tiptapToMarkdown serializes ordered list","status":"passed","title":"serializes ordered list","duration":0.19279200000005403,"failureMessages":[],"meta":{}},{"ancestorTitles":["tiptapToMarkdown"],"fullName":"tiptapToMarkdown serializes task list","status":"passed","title":"serializes task list","duration":0.14200000000005275,"failureMessages":[],"meta":{}},{"ancestorTitles":["tiptapToMarkdown"],"fullName":"tiptapToMarkdown serializes blockquote","status":"passed","title":"serializes blockquote","duration":0.048499999999989996,"failureMessages":[],"meta":{}},{"ancestorTitles":["tiptapToMarkdown"],"fullName":"tiptapToMarkdown serializes code block","status":"passed","title":"serializes code block","duration":0.038625000000024556,"failureMessages":[],"meta":{}},{"ancestorTitles":["tiptapToMarkdown"],"fullName":"tiptapToMarkdown serializes horizontal rule","status":"passed","title":"serializes horizontal rule","duration":0.052583000000026914,"failureMessages":[],"meta":{}},{"ancestorTitles":["tiptapToMarkdown"],"fullName":"tiptapToMarkdown serializes image","status":"passed","title":"serializes image","duration":0.032792000000085864,"failureMessages":[],"meta":{}},{"ancestorTitles":["tiptapToMarkdown"],"fullName":"tiptapToMarkdown serializes table","status":"passed","title":"serializes table","duration":0.34833400000002257,"failureMessages":[],"meta":{}},{"ancestorTitles":["tiptapToMarkdown"],"fullName":"tiptapToMarkdown serializes callout with variant","status":"passed","title":"serializes callout with variant","duration":0.08845900000005713,"failureMessages":[],"meta":{}},{"ancestorTitles":["markdownToTiptap"],"fullName":"markdownToTiptap parses empty string","status":"passed","title":"parses empty string","duration":0.4747499999999718,"failureMessages":[],"meta":{}},{"ancestorTitles":["markdownToTiptap"],"fullName":"markdownToTiptap parses paragraph","status":"passed","title":"parses paragraph","duration":0.22800000000006548,"failureMessages":[],"meta":{}},{"ancestorTitles":["markdownToTiptap"],"fullName":"markdownToTiptap parses headings","status":"passed","title":"parses headings","duration":0.39224999999999,"failureMessages":[],"meta":{}},{"ancestorTitles":["markdownToTiptap"],"fullName":"markdownToTiptap parses bold and italic","status":"passed","title":"parses bold and italic","duration":0.5789170000000468,"failureMessages":[],"meta":{}},{"ancestorTitles":["markdownToTiptap"],"fullName":"markdownToTiptap parses code block","status":"passed","title":"parses code block","duration":0.2987920000000486,"failureMessages":[],"meta":{}},{"ancestorTitles":["markdownToTiptap"],"fullName":"markdownToTiptap parses horizontal rule","status":"passed","title":"parses horizontal rule","duration":0.08558299999992869,"failureMessages":[],"meta":{}},{"ancestorTitles":["markdownToTiptap"],"fullName":"markdownToTiptap parses bullet list","status":"passed","title":"parses bullet list","duration":0.22487499999999727,"failureMessages":[],"meta":{}},{"ancestorTitles":["markdownToTiptap"],"fullName":"markdownToTiptap parses ordered list","status":"passed","title":"parses ordered list","duration":0.16650000000004184,"failureMessages":[],"meta":{}},{"ancestorTitles":["markdownToTiptap"],"fullName":"markdownToTiptap parses task list","status":"passed","title":"parses task list","duration":0.4481670000000122,"failureMessages":[],"meta":{}},{"ancestorTitles":["markdownToTiptap"],"fullName":"markdownToTiptap parses blockquote","status":"passed","title":"parses blockquote","duration":0.127791000000002,"failureMessages":[],"meta":{}},{"ancestorTitles":["markdownToTiptap"],"fullName":"markdownToTiptap parses image","status":"passed","title":"parses image","duration":0.19991700000002766,"failureMessages":[],"meta":{}},{"ancestorTitles":["markdownToTiptap"],"fullName":"markdownToTiptap parses table","status":"passed","title":"parses table","duration":0.34874999999999545,"failureMessages":[],"meta":{}},{"ancestorTitles":["markdownToTiptap"],"fullName":"markdownToTiptap parses callout HTML comments","status":"passed","title":"parses callout HTML comments","duration":0.17637500000000728,"failureMessages":[],"meta":{}},{"ancestorTitles":["markdownToTiptap"],"fullName":"markdownToTiptap parses inline link","status":"passed","title":"parses inline link","duration":0.13762500000007094,"failureMessages":[],"meta":{}},{"ancestorTitles":["markdownToTiptap"],"fullName":"markdownToTiptap parses strikethrough","status":"passed","title":"parses strikethrough","duration":0.11133300000005875,"failureMessages":[],"meta":{}},{"ancestorTitles":["markdownToTiptap"],"fullName":"markdownToTiptap parses inline code","status":"passed","title":"parses inline code","duration":0.08895900000004531,"failureMessages":[],"meta":{}},{"ancestorTitles":["roundtrip: tiptap → markdown → tiptap"],"fullName":"roundtrip: tiptap → markdown → tiptap preserves heading","status":"passed","title":"preserves heading","duration":0.10629200000005312,"failureMessages":[],"meta":{}},{"ancestorTitles":["roundtrip: tiptap → markdown → tiptap"],"fullName":"roundtrip: tiptap → markdown → tiptap preserves code block with language","status":"passed","title":"preserves code block with language","duration":0.08570799999995415,"failureMessages":[],"meta":{}},{"ancestorTitles":["roundtrip: tiptap → markdown → tiptap"],"fullName":"roundtrip: tiptap → markdown → tiptap preserves callout with variant","status":"passed","title":"preserves callout with variant","duration":0.1290000000000191,"failureMessages":[],"meta":{}},{"ancestorTitles":["roundtrip: tiptap → markdown → tiptap"],"fullName":"roundtrip: tiptap → markdown → tiptap preserves task list checked state","status":"passed","title":"preserves task list checked state","duration":0.12070799999992232,"failureMessages":[],"meta":{}},{"ancestorTitles":["roundtrip: tiptap → markdown → tiptap"],"fullName":"roundtrip: tiptap → markdown → tiptap preserves complex document structure","status":"passed","title":"preserves complex document structure","duration":0.28550000000007003,"failureMessages":[],"meta":{}}],"startTime":1773094495476,"endTime":1773094495484.2854,"status":"passed","message":"","name":"/Users/leco/Documents/open-note/src/lib/__tests__/markdown.test.ts"},{"assertionResults":[{"ancestorTitles":["blocksToTiptap"],"fullName":"blocksToTiptap returns empty paragraph for empty blocks","status":"passed","title":"returns empty paragraph for empty blocks","duration":0.9520409999998947,"failureMessages":[],"meta":{}},{"ancestorTitles":["blocksToTiptap"],"fullName":"blocksToTiptap converts a text block with tiptap_json content","status":"passed","title":"converts a text block with tiptap_json content","duration":1.0327920000000859,"failureMessages":[],"meta":{}},{"ancestorTitles":["blocksToTiptap"],"fullName":"blocksToTiptap converts divider blocks to horizontalRule","status":"passed","title":"converts divider blocks to horizontalRule","duration":0.1265840000000935,"failureMessages":[],"meta":{}},{"ancestorTitles":["blocksToTiptap"],"fullName":"blocksToTiptap sorts blocks by order","status":"passed","title":"sorts blocks by order","duration":0.14762500000006185,"failureMessages":[],"meta":{}},{"ancestorTitles":["tiptapToBlocks"],"fullName":"tiptapToBlocks converts a simple paragraph to a text block","status":"passed","title":"converts a simple paragraph to a text block","duration":0.4753329999999778,"failureMessages":[],"meta":{}},{"ancestorTitles":["tiptapToBlocks"],"fullName":"tiptapToBlocks converts horizontalRule to divider block","status":"passed","title":"converts horizontalRule to divider block","duration":0.11787500000002638,"failureMessages":[],"meta":{}},{"ancestorTitles":["tiptapToBlocks"],"fullName":"tiptapToBlocks preserves existing block ids when possible","status":"passed","title":"preserves existing block ids when possible","duration":0.056750000000079126,"failureMessages":[],"meta":{}},{"ancestorTitles":["tiptapToBlocks"],"fullName":"tiptapToBlocks preserves non-text blocks from existing","status":"passed","title":"preserves non-text blocks from existing","duration":0.10099999999999909,"failureMessages":[],"meta":{}},{"ancestorTitles":["tiptapToBlocks"],"fullName":"tiptapToBlocks handles codeBlock nodes in tiptap content","status":"passed","title":"handles codeBlock nodes in tiptap content","duration":0.2453329999999596,"failureMessages":[],"meta":{}},{"ancestorTitles":["tiptapToBlocks"],"fullName":"tiptapToBlocks handles table nodes in tiptap content","status":"passed","title":"handles table nodes in tiptap content","duration":0.11745900000005349,"failureMessages":[],"meta":{}},{"ancestorTitles":["tiptapToBlocks"],"fullName":"tiptapToBlocks handles taskList nodes in tiptap content","status":"passed","title":"handles taskList nodes in tiptap content","duration":0.08158400000002075,"failureMessages":[],"meta":{}},{"ancestorTitles":["tiptapToBlocks"],"fullName":"tiptapToBlocks handles callout nodes in tiptap content","status":"passed","title":"handles callout nodes in tiptap content","duration":0.08333300000003874,"failureMessages":[],"meta":{}},{"ancestorTitles":["tiptapToBlocks"],"fullName":"tiptapToBlocks roundtrips advanced block types through serialization","status":"passed","title":"roundtrips advanced block types through serialization","duration":0.1479580000000169,"failureMessages":[],"meta":{}},{"ancestorTitles":["tiptapToBlocks"],"fullName":"tiptapToBlocks handles inkBlock nodes in tiptap content","status":"passed","title":"handles inkBlock nodes in tiptap content","duration":0.07429200000001401,"failureMessages":[],"meta":{}},{"ancestorTitles":["tiptapToBlocks"],"fullName":"tiptapToBlocks handles pdfBlock nodes in tiptap content","status":"passed","title":"handles pdfBlock nodes in tiptap content","duration":0.06000000000005912,"failureMessages":[],"meta":{}},{"ancestorTitles":["tiptapToBlocks"],"fullName":"tiptapToBlocks roundtrips inkBlock and pdfBlock through serialization","status":"passed","title":"roundtrips inkBlock and pdfBlock through serialization","duration":0.08837500000004184,"failureMessages":[],"meta":{}},{"ancestorTitles":["tiptapToBlocks"],"fullName":"tiptapToBlocks roundtrips correctly: blocks -> tiptap -> blocks","status":"passed","title":"roundtrips correctly: blocks -> tiptap -> blocks","duration":0.08066700000006222,"failureMessages":[],"meta":{}}],"startTime":1773094495569,"endTime":1773094495573.148,"status":"passed","message":"","name":"/Users/leco/Documents/open-note/src/lib/__tests__/serialization.test.ts"},{"assertionResults":[{"ancestorTitles":["theme"],"fullName":"theme returns default palette for unknown name","status":"passed","title":"returns default palette for unknown name","duration":0.5010840000000485,"failureMessages":[],"meta":{}},{"ancestorTitles":["theme"],"fullName":"theme returns correct palette by name","status":"passed","title":"returns correct palette by name","duration":0.10645899999997255,"failureMessages":[],"meta":{}},{"ancestorTitles":["theme"],"fullName":"theme has 10 accent palettes","status":"passed","title":"has 10 accent palettes","duration":0.3154999999999859,"failureMessages":[],"meta":{}},{"ancestorTitles":["theme"],"fullName":"theme applyBaseTheme sets data-theme attribute","status":"passed","title":"applyBaseTheme sets data-theme attribute","duration":0.5889999999999986,"failureMessages":[],"meta":{}},{"ancestorTitles":["theme"],"fullName":"theme applyBaseTheme with system uses matchMedia","status":"passed","title":"applyBaseTheme with system uses matchMedia","duration":0.11933299999998326,"failureMessages":[],"meta":{}},{"ancestorTitles":["theme"],"fullName":"theme applyChromeTint sets data-chrome attribute","status":"passed","title":"applyChromeTint sets data-chrome attribute","duration":0.13633299999997917,"failureMessages":[],"meta":{}},{"ancestorTitles":["theme"],"fullName":"theme applyAccentColor sets CSS custom properties","status":"passed","title":"applyAccentColor sets CSS custom properties","duration":0.5553329999999619,"failureMessages":[],"meta":{}}],"startTime":1773094495741,"endTime":1773094495743.5554,"status":"passed","message":"","name":"/Users/leco/Documents/open-note/src/lib/__tests__/theme.test.ts"},{"assertionResults":[{"ancestorTitles":["OnboardingDialog"],"fullName":"OnboardingDialog renders welcome step initially","status":"passed","title":"renders welcome step initially","duration":67.49337500000001,"failureMessages":[],"meta":{}},{"ancestorTitles":["OnboardingDialog"],"fullName":"OnboardingDialog shows tour step after clicking start","status":"passed","title":"shows tour step after clicking start","duration":63.565583999999944,"failureMessages":[],"meta":{}},{"ancestorTitles":["OnboardingDialog"],"fullName":"OnboardingDialog navigates through tour steps","status":"passed","title":"navigates through tour steps","duration":85.51495899999998,"failureMessages":[],"meta":{}},{"ancestorTitles":["OnboardingDialog"],"fullName":"OnboardingDialog calls onComplete when finishing tour","status":"passed","title":"calls onComplete when finishing tour","duration":77.79887500000007,"failureMessages":[],"meta":{}},{"ancestorTitles":["OnboardingDialog"],"fullName":"OnboardingDialog calls onComplete when skipping from welcome","status":"passed","title":"calls onComplete when skipping from welcome","duration":18.252874999999904,"failureMessages":[],"meta":{}}],"startTime":1773094490514,"endTime":1773094490826.253,"status":"passed","message":"","name":"/Users/leco/Documents/open-note/src/components/onboarding/OnboardingDialog.test.tsx"},{"assertionResults":[{"ancestorTitles":["SettingsDialog"],"fullName":"SettingsDialog does not render when showSettings is false","status":"passed","title":"does not render when showSettings is false","duration":12.626958999999943,"failureMessages":[],"meta":{}},{"ancestorTitles":["SettingsDialog"],"fullName":"SettingsDialog renders when showSettings is true","status":"passed","title":"renders when showSettings is true","duration":181.9419579999999,"failureMessages":[],"meta":{}},{"ancestorTitles":["SettingsDialog"],"fullName":"SettingsDialog renders all tab buttons","status":"passed","title":"renders all tab buttons","duration":22.674916000000167,"failureMessages":[],"meta":{}},{"ancestorTitles":["SettingsDialog"],"fullName":"SettingsDialog switches tabs on click","status":"passed","title":"switches tabs on click","duration":30.14687499999991,"failureMessages":[],"meta":{}},{"ancestorTitles":["SettingsDialog"],"fullName":"SettingsDialog closes on backdrop click","status":"passed","title":"closes on backdrop click","duration":12.234750000000076,"failureMessages":[],"meta":{}},{"ancestorTitles":["SettingsDialog"],"fullName":"SettingsDialog closes on X button click","status":"passed","title":"closes on X button click","duration":16.52125000000001,"failureMessages":[],"meta":{}}],"startTime":1773094492573,"endTime":1773094492849.5212,"status":"passed","message":"","name":"/Users/leco/Documents/open-note/src/components/settings/SettingsDialog.test.tsx"},{"assertionResults":[{"ancestorTitles":["useAutoSave"],"fullName":"useAutoSave does not save immediately when content changes","status":"passed","title":"does not save immediately when content changes","duration":24.463374999999928,"failureMessages":[],"meta":{}},{"ancestorTitles":["useAutoSave"],"fullName":"useAutoSave saves after debounce delay","status":"passed","title":"saves after debounce delay","duration":2.559333000000038,"failureMessages":[],"meta":{}},{"ancestorTitles":["useAutoSave"],"fullName":"useAutoSave resets debounce when content changes","status":"passed","title":"resets debounce when content changes","duration":9.823833000000036,"failureMessages":[],"meta":{}},{"ancestorTitles":["useAutoSave"],"fullName":"useAutoSave does not save when content is null","status":"passed","title":"does not save when content is null","duration":4.195208999999977,"failureMessages":[],"meta":{}},{"ancestorTitles":["useAutoSave"],"fullName":"useAutoSave does not save when disabled","status":"passed","title":"does not save when disabled","duration":4.757959000000028,"failureMessages":[],"meta":{}},{"ancestorTitles":["useAutoSave"],"fullName":"useAutoSave forceSave triggers immediate save","status":"passed","title":"forceSave triggers immediate save","duration":2.8263750000000982,"failureMessages":[],"meta":{}}],"startTime":1773094494694,"endTime":1773094494742.8264,"status":"passed","message":"","name":"/Users/leco/Documents/open-note/src/hooks/__tests__/useAutoSave.test.ts"},{"assertionResults":[{"ancestorTitles":["useKeyboardShortcuts"],"fullName":"useKeyboardShortcuts toggles sidebar on Cmd+\\","status":"passed","title":"toggles sidebar on Cmd+\\","duration":14.294582999999875,"failureMessages":[],"meta":{}},{"ancestorTitles":["useKeyboardShortcuts"],"fullName":"useKeyboardShortcuts opens workspace picker on Cmd+Shift+O","status":"passed","title":"opens workspace picker on Cmd+Shift+O","duration":2.3149580000001606,"failureMessages":[],"meta":{}},{"ancestorTitles":["useKeyboardShortcuts"],"fullName":"useKeyboardShortcuts opens quick open on Cmd+P","status":"passed","title":"opens quick open on Cmd+P","duration":1.4074580000001333,"failureMessages":[],"meta":{}},{"ancestorTitles":["useKeyboardShortcuts"],"fullName":"useKeyboardShortcuts opens search panel on Cmd+Shift+F","status":"passed","title":"opens search panel on Cmd+Shift+F","duration":0.8621250000001055,"failureMessages":[],"meta":{}},{"ancestorTitles":["useKeyboardShortcuts"],"fullName":"useKeyboardShortcuts navigates back on Cmd+[","status":"passed","title":"navigates back on Cmd+[","duration":2.28516599999989,"failureMessages":[],"meta":{}},{"ancestorTitles":["useKeyboardShortcuts"],"fullName":"useKeyboardShortcuts navigates forward on Cmd+]","status":"passed","title":"navigates forward on Cmd+]","duration":1.0277080000000751,"failureMessages":[],"meta":{}},{"ancestorTitles":["useKeyboardShortcuts"],"fullName":"useKeyboardShortcuts cleans up listener on unmount","status":"passed","title":"cleans up listener on unmount","duration":1.3108750000001237,"failureMessages":[],"meta":{}},{"ancestorTitles":["useKeyboardShortcuts"],"fullName":"useKeyboardShortcuts does not toggle sidebar without meta key","status":"passed","title":"does not toggle sidebar without meta key","duration":0.5141249999999218,"failureMessages":[],"meta":{}}],"startTime":1773094494817,"endTime":1773094494840.5142,"status":"passed","message":"","name":"/Users/leco/Documents/open-note/src/hooks/__tests__/useKeyboardShortcuts.test.ts"},{"assertionResults":[{"ancestorTitles":["useAnnotationStore"],"fullName":"useAnnotationStore toggles annotation mode","status":"passed","title":"toggles annotation mode","duration":0.9796249999999418,"failureMessages":[],"meta":{}},{"ancestorTitles":["useAnnotationStore"],"fullName":"useAnnotationStore sets tool with default size","status":"passed","title":"sets tool with default size","duration":0.2362079999999196,"failureMessages":[],"meta":{}},{"ancestorTitles":["useAnnotationStore"],"fullName":"useAnnotationStore adds and removes strokes","status":"passed","title":"adds and removes strokes","duration":0.5847499999999854,"failureMessages":[],"meta":{}},{"ancestorTitles":["useAnnotationStore"],"fullName":"useAnnotationStore adds and removes highlights","status":"passed","title":"adds and removes highlights","duration":0.16379199999994398,"failureMessages":[],"meta":{}},{"ancestorTitles":["useAnnotationStore"],"fullName":"useAnnotationStore clears all annotations","status":"passed","title":"clears all annotations","duration":0.3252079999999751,"failureMessages":[],"meta":{}},{"ancestorTitles":["useAnnotationStore"],"fullName":"useAnnotationStore undo reverses add_stroke","status":"passed","title":"undo reverses add_stroke","duration":0.23145799999997507,"failureMessages":[],"meta":{}},{"ancestorTitles":["useAnnotationStore"],"fullName":"useAnnotationStore redo restores undone add_stroke","status":"passed","title":"redo restores undone add_stroke","duration":0.15745800000001964,"failureMessages":[],"meta":{}},{"ancestorTitles":["useAnnotationStore"],"fullName":"useAnnotationStore undo reverses remove_stroke","status":"passed","title":"undo reverses remove_stroke","duration":0.12562499999989996,"failureMessages":[],"meta":{}},{"ancestorTitles":["useAnnotationStore"],"fullName":"useAnnotationStore undo reverses clear_all","status":"passed","title":"undo reverses clear_all","duration":0.22083299999997053,"failureMessages":[],"meta":{}},{"ancestorTitles":["useAnnotationStore"],"fullName":"useAnnotationStore adding new action clears redo stack","status":"passed","title":"adding new action clears redo stack","duration":0.10912499999994907,"failureMessages":[],"meta":{}},{"ancestorTitles":["useAnnotationStore"],"fullName":"useAnnotationStore undo does nothing when stack is empty","status":"passed","title":"undo does nothing when stack is empty","duration":0.04258300000003601,"failureMessages":[],"meta":{}},{"ancestorTitles":["useAnnotationStore"],"fullName":"useAnnotationStore redo does nothing when stack is empty","status":"passed","title":"redo does nothing when stack is empty","duration":0.03733300000010331,"failureMessages":[],"meta":{}},{"ancestorTitles":["useAnnotationStore"],"fullName":"useAnnotationStore setAnnotations resets undo/redo stacks","status":"passed","title":"setAnnotations resets undo/redo stacks","duration":0.09783300000003692,"failureMessages":[],"meta":{}},{"ancestorTitles":["useAnnotationStore"],"fullName":"useAnnotationStore undo reverses add_highlight","status":"passed","title":"undo reverses add_highlight","duration":0.22900000000004184,"failureMessages":[],"meta":{}},{"ancestorTitles":["useAnnotationStore"],"fullName":"useAnnotationStore redo restores undone add_highlight","status":"passed","title":"redo restores undone add_highlight","duration":0.23995899999999892,"failureMessages":[],"meta":{}},{"ancestorTitles":["useAnnotationStore"],"fullName":"useAnnotationStore undo reverses remove_highlight","status":"passed","title":"undo reverses remove_highlight","duration":0.46583399999997255,"failureMessages":[],"meta":{}},{"ancestorTitles":["useAnnotationStore"],"fullName":"useAnnotationStore redo restores undone remove_stroke","status":"passed","title":"redo restores undone remove_stroke","duration":0.5167500000000018,"failureMessages":[],"meta":{}},{"ancestorTitles":["useAnnotationStore"],"fullName":"useAnnotationStore redo restores undone remove_highlight","status":"passed","title":"redo restores undone remove_highlight","duration":0.26920799999993505,"failureMessages":[],"meta":{}},{"ancestorTitles":["useAnnotationStore"],"fullName":"useAnnotationStore redo restores undone clear_all","status":"passed","title":"redo restores undone clear_all","duration":1.0707909999999856,"failureMessages":[],"meta":{}},{"ancestorTitles":["useAnnotationStore"],"fullName":"useAnnotationStore removeStroke does nothing for unknown id","status":"passed","title":"removeStroke does nothing for unknown id","duration":0.10762499999998454,"failureMessages":[],"meta":{}},{"ancestorTitles":["useAnnotationStore"],"fullName":"useAnnotationStore removeHighlight does nothing for unknown id","status":"passed","title":"removeHighlight does nothing for unknown id","duration":0.05991699999992761,"failureMessages":[],"meta":{}},{"ancestorTitles":["useAnnotationStore"],"fullName":"useAnnotationStore clearAll does nothing when already empty","status":"passed","title":"clearAll does nothing when already empty","duration":0.04179199999998673,"failureMessages":[],"meta":{}},{"ancestorTitles":["useAnnotationStore"],"fullName":"useAnnotationStore setAnnotationMode sets explicit value","status":"passed","title":"setAnnotationMode sets explicit value","duration":0.10700000000008458,"failureMessages":[],"meta":{}},{"ancestorTitles":["useAnnotationStore"],"fullName":"useAnnotationStore setColor updates active color","status":"passed","title":"setColor updates active color","duration":0.043750000000045475,"failureMessages":[],"meta":{}},{"ancestorTitles":["useAnnotationStore"],"fullName":"useAnnotationStore setSize updates active size","status":"passed","title":"setSize updates active size","duration":0.03479200000003857,"failureMessages":[],"meta":{}},{"ancestorTitles":["useAnnotationStore"],"fullName":"useAnnotationStore nullifies svgCache on stroke changes","status":"passed","title":"nullifies svgCache on stroke changes","duration":0.060582999999951426,"failureMessages":[],"meta":{}}],"startTime":1773094495198,"endTime":1773094495205.0605,"status":"passed","message":"","name":"/Users/leco/Documents/open-note/src/stores/__tests__/useAnnotationStore.test.ts"},{"assertionResults":[{"ancestorTitles":["useMultiWorkspaceStore"],"fullName":"useMultiWorkspaceStore initial_state_empty","status":"passed","title":"initial_state_empty","duration":1.784167000000025,"failureMessages":[],"meta":{}},{"ancestorTitles":["useMultiWorkspaceStore"],"fullName":"useMultiWorkspaceStore focusedSlice returns null when no workspace open","status":"passed","title":"focusedSlice returns null when no workspace open","duration":0.3282499999999118,"failureMessages":[],"meta":{}},{"ancestorTitles":["useMultiWorkspaceStore"],"fullName":"useMultiWorkspaceStore open_workspace_adds_to_map","status":"passed","title":"open_workspace_adds_to_map","duration":0.34874999999999545,"failureMessages":[],"meta":{}},{"ancestorTitles":["useMultiWorkspaceStore"],"fullName":"useMultiWorkspaceStore open_second_workspace_keeps_first","status":"passed","title":"open_second_workspace_keeps_first","duration":0.17633299999999963,"failureMessages":[],"meta":{}},{"ancestorTitles":["useMultiWorkspaceStore"],"fullName":"useMultiWorkspaceStore open_workspace_throws_on_error","status":"passed","title":"open_workspace_throws_on_error","duration":0.805582999999956,"failureMessages":[],"meta":{}},{"ancestorTitles":["useMultiWorkspaceStore"],"fullName":"useMultiWorkspaceStore create_workspace_adds_to_map","status":"passed","title":"create_workspace_adds_to_map","duration":0.3133339999999407,"failureMessages":[],"meta":{}},{"ancestorTitles":["useMultiWorkspaceStore"],"fullName":"useMultiWorkspaceStore close_workspace_removes_from_map","status":"passed","title":"close_workspace_removes_from_map","duration":0.09662500000001728,"failureMessages":[],"meta":{}},{"ancestorTitles":["useMultiWorkspaceStore"],"fullName":"useMultiWorkspaceStore close_focused_moves_to_next","status":"passed","title":"close_focused_moves_to_next","duration":0.07891700000004676,"failureMessages":[],"meta":{}},{"ancestorTitles":["useMultiWorkspaceStore"],"fullName":"useMultiWorkspaceStore close_last_clears_focused","status":"passed","title":"close_last_clears_focused","duration":0.4354169999999158,"failureMessages":[],"meta":{}},{"ancestorTitles":["useMultiWorkspaceStore"],"fullName":"useMultiWorkspaceStore focus_workspace_changes_focused","status":"passed","title":"focus_workspace_changes_focused","duration":1.1351659999999129,"failureMessages":[],"meta":{}},{"ancestorTitles":["useMultiWorkspaceStore"],"fullName":"useMultiWorkspaceStore notebooks_scoped_per_workspace","status":"passed","title":"notebooks_scoped_per_workspace","duration":0.33083300000009785,"failureMessages":[],"meta":{}},{"ancestorTitles":["useMultiWorkspaceStore"],"fullName":"useMultiWorkspaceStore navigation_scoped_per_workspace","status":"passed","title":"navigation_scoped_per_workspace","duration":0.3210830000000442,"failureMessages":[],"meta":{}},{"ancestorTitles":["useMultiWorkspaceStore"],"fullName":"useMultiWorkspaceStore focused_slice_reflects_current_focused","status":"passed","title":"focused_slice_reflects_current_focused","duration":0.24645799999996143,"failureMessages":[],"meta":{}},{"ancestorTitles":["useMultiWorkspaceStore"],"fullName":"useMultiWorkspaceStore sections_scoped_per_workspace","status":"passed","title":"sections_scoped_per_workspace","duration":0.25491699999997763,"failureMessages":[],"meta":{}},{"ancestorTitles":["useMultiWorkspaceStore"],"fullName":"useMultiWorkspaceStore createSection returns created section","status":"passed","title":"createSection returns created section","duration":0.37170800000001236,"failureMessages":[],"meta":{}}],"startTime":1773094495561,"endTime":1773094495568.3718,"status":"passed","message":"","name":"/Users/leco/Documents/open-note/src/stores/__tests__/useMultiWorkspaceStore.test.ts"},{"assertionResults":[{"ancestorTitles":["useNavigationStore"],"fullName":"useNavigationStore selects notebook and auto-expands","status":"passed","title":"selects notebook and auto-expands","duration":0.7597910000000638,"failureMessages":[],"meta":{}},{"ancestorTitles":["useNavigationStore"],"fullName":"useNavigationStore selects section and auto-expands","status":"passed","title":"selects section and auto-expands","duration":0.25045799999998053,"failureMessages":[],"meta":{}},{"ancestorTitles":["useNavigationStore"],"fullName":"useNavigationStore toggles notebook expand/collapse","status":"passed","title":"toggles notebook expand/collapse","duration":0.20070899999996072,"failureMessages":[],"meta":{}},{"ancestorTitles":["useNavigationStore"],"fullName":"useNavigationStore selects page and tracks history","status":"passed","title":"selects page and tracks history","duration":0.34458299999994324,"failureMessages":[],"meta":{}},{"ancestorTitles":["useNavigationStore"],"fullName":"useNavigationStore does not duplicate same page in history","status":"passed","title":"does not duplicate same page in history","duration":0.17799999999999727,"failureMessages":[],"meta":{}},{"ancestorTitles":["useNavigationStore"],"fullName":"useNavigationStore navigates back and forward","status":"passed","title":"navigates back and forward","duration":0.5216670000000931,"failureMessages":[],"meta":{}},{"ancestorTitles":["useNavigationStore"],"fullName":"useNavigationStore goBack at start does nothing","status":"passed","title":"goBack at start does nothing","duration":0.16079200000001492,"failureMessages":[],"meta":{}},{"ancestorTitles":["useNavigationStore"],"fullName":"useNavigationStore goForward at end does nothing","status":"passed","title":"goForward at end does nothing","duration":0.08074999999996635,"failureMessages":[],"meta":{}},{"ancestorTitles":["useNavigationStore"],"fullName":"useNavigationStore truncates forward history on new selection after goBack","status":"passed","title":"truncates forward history on new selection after goBack","duration":0.2865829999999505,"failureMessages":[],"meta":{}},{"ancestorTitles":["useNavigationStore"],"fullName":"useNavigationStore reset clears everything","status":"passed","title":"reset clears everything","duration":0.5797919999999976,"failureMessages":[],"meta":{}}],"startTime":1773094495692,"endTime":1773094495695.5798,"status":"passed","message":"","name":"/Users/leco/Documents/open-note/src/stores/__tests__/useNavigationStore.test.ts"},{"assertionResults":[{"ancestorTitles":["usePageStore"],"fullName":"usePageStore has correct initial state","status":"passed","title":"has correct initial state","duration":1.3865000000000691,"failureMessages":[],"meta":{}},{"ancestorTitles":["usePageStore"],"fullName":"usePageStore loadPages stores pages by section id","status":"passed","title":"loadPages stores pages by section id","duration":0.6908329999999978,"failureMessages":[],"meta":{}},{"ancestorTitles":["usePageStore"],"fullName":"usePageStore loadPages sets error on failure","status":"passed","title":"loadPages sets error on failure","duration":0.14599999999995816,"failureMessages":[],"meta":{}},{"ancestorTitles":["usePageStore"],"fullName":"usePageStore loadPage sets current page","status":"passed","title":"loadPage sets current page","duration":0.10924999999997453,"failureMessages":[],"meta":{}},{"ancestorTitles":["usePageStore"],"fullName":"usePageStore loadPage sets loading state","status":"passed","title":"loadPage sets loading state","duration":101.96804099999997,"failureMessages":[],"meta":{}},{"ancestorTitles":["usePageStore"],"fullName":"usePageStore loadPage sets error on failure","status":"passed","title":"loadPage sets error on failure","duration":0.19229200000006585,"failureMessages":[],"meta":{}},{"ancestorTitles":["usePageStore"],"fullName":"usePageStore createPage calls IPC and reloads section pages","status":"passed","title":"createPage calls IPC and reloads section pages","duration":0.21804099999997106,"failureMessages":[],"meta":{}},{"ancestorTitles":["usePageStore"],"fullName":"usePageStore updatePage saves and updates current page","status":"passed","title":"updatePage saves and updates current page","duration":0.37337500000001,"failureMessages":[],"meta":{}},{"ancestorTitles":["usePageStore"],"fullName":"usePageStore updatePage sets error on failure","status":"passed","title":"updatePage sets error on failure","duration":0.33437499999990905,"failureMessages":[],"meta":{}},{"ancestorTitles":["usePageStore"],"fullName":"usePageStore updatePageTitle does nothing without current page","status":"passed","title":"updatePageTitle does nothing without current page","duration":0.1352080000000342,"failureMessages":[],"meta":{}},{"ancestorTitles":["usePageStore"],"fullName":"usePageStore updatePageTitle updates title of current page","status":"passed","title":"updatePageTitle updates title of current page","duration":0.6743750000000546,"failureMessages":[],"meta":{}},{"ancestorTitles":["usePageStore"],"fullName":"usePageStore deletePage clears current page if matching","status":"passed","title":"deletePage clears current page if matching","duration":0.08991700000001401,"failureMessages":[],"meta":{}},{"ancestorTitles":["usePageStore"],"fullName":"usePageStore deletePage sets error on failure","status":"passed","title":"deletePage sets error on failure","duration":0.05700000000001637,"failureMessages":[],"meta":{}},{"ancestorTitles":["usePageStore"],"fullName":"usePageStore movePage calls IPC and reloads","status":"passed","title":"movePage calls IPC and reloads","duration":0.08941699999991215,"failureMessages":[],"meta":{}},{"ancestorTitles":["usePageStore"],"fullName":"usePageStore movePage sets error on failure","status":"passed","title":"movePage sets error on failure","duration":0.0472500000000764,"failureMessages":[],"meta":{}},{"ancestorTitles":["usePageStore"],"fullName":"usePageStore updateBlocks saves and sets saved status","status":"passed","title":"updateBlocks saves and sets saved status","duration":0.08029199999998582,"failureMessages":[],"meta":{}},{"ancestorTitles":["usePageStore"],"fullName":"usePageStore updateBlocks sets error status on failure","status":"passed","title":"updateBlocks sets error status on failure","duration":0.47229200000003857,"failureMessages":[],"meta":{}},{"ancestorTitles":["usePageStore"],"fullName":"usePageStore setCurrentPage sets current page directly","status":"passed","title":"setCurrentPage sets current page directly","duration":0.046416000000021995,"failureMessages":[],"meta":{}},{"ancestorTitles":["usePageStore"],"fullName":"usePageStore setSaveStatus sets save status directly","status":"passed","title":"setSaveStatus sets save status directly","duration":0.03499999999996817,"failureMessages":[],"meta":{}},{"ancestorTitles":["usePageStore"],"fullName":"usePageStore clearCurrentPage resets page and status","status":"passed","title":"clearCurrentPage resets page and status","duration":0.05070899999998346,"failureMessages":[],"meta":{}},{"ancestorTitles":["usePageStore"],"fullName":"usePageStore clearError resets error","status":"passed","title":"clearError resets error","duration":0.0362920000000031,"failureMessages":[],"meta":{}}],"startTime":1773094493607,"endTime":1773094493714.0508,"status":"passed","message":"","name":"/Users/leco/Documents/open-note/src/stores/__tests__/usePageStore.test.ts"},{"assertionResults":[{"ancestorTitles":["useUIStore"],"fullName":"useUIStore toggles sidebar","status":"passed","title":"toggles sidebar","duration":1.14549999999997,"failureMessages":[],"meta":{}},{"ancestorTitles":["useUIStore"],"fullName":"useUIStore clamps sidebar width between 200 and 400","status":"passed","title":"clamps sidebar width between 200 and 400","duration":0.27025000000003274,"failureMessages":[],"meta":{}},{"ancestorTitles":["useUIStore"],"fullName":"useUIStore sets theme partially","status":"passed","title":"sets theme partially","duration":0.16637500000001637,"failureMessages":[],"meta":{}},{"ancestorTitles":["useUIStore"],"fullName":"useUIStore sets full theme","status":"passed","title":"sets full theme","duration":0.08054099999992559,"failureMessages":[],"meta":{}},{"ancestorTitles":["useUIStore"],"fullName":"useUIStore opens and closes workspace picker","status":"passed","title":"opens and closes workspace picker","duration":0.11941600000000108,"failureMessages":[],"meta":{}},{"ancestorTitles":["useUIStore"],"fullName":"useUIStore opens and closes trash panel","status":"passed","title":"opens and closes trash panel","duration":0.07558299999993778,"failureMessages":[],"meta":{}},{"ancestorTitles":["useUIStore"],"fullName":"useUIStore applies theme to DOM","status":"passed","title":"applies theme to DOM","duration":1.183499999999981,"failureMessages":[],"meta":{}},{"ancestorTitles":["useUIStore"],"fullName":"useUIStore applies system theme as light when matchMedia returns false","status":"passed","title":"applies system theme as light when matchMedia returns false","duration":0.1657910000000129,"failureMessages":[],"meta":{}},{"ancestorTitles":["useUIStore"],"fullName":"useUIStore applies chrome tint to DOM","status":"passed","title":"applies chrome tint to DOM","duration":0.25016600000003564,"failureMessages":[],"meta":{}}],"startTime":1773094495577,"endTime":1773094495581.2502,"status":"passed","message":"","name":"/Users/leco/Documents/open-note/src/stores/__tests__/useUIStore.test.ts"},{"assertionResults":[{"ancestorTitles":["useWorkspaceStore"],"fullName":"useWorkspaceStore has correct initial state when no workspace open","status":"passed","title":"has correct initial state when no workspace open","duration":1.7155840000000353,"failureMessages":[],"meta":{}},{"ancestorTitles":["useWorkspaceStore"],"fullName":"useWorkspaceStore openWorkspace sets workspace and loads notebooks","status":"passed","title":"openWorkspace sets workspace and loads notebooks","duration":3.5802079999999705,"failureMessages":[],"meta":{}},{"ancestorTitles":["useWorkspaceStore"],"fullName":"useWorkspaceStore openWorkspace sets error on failure","status":"passed","title":"openWorkspace sets error on failure","duration":1.2747920000000477,"failureMessages":[],"meta":{}},{"ancestorTitles":["useWorkspaceStore"],"fullName":"useWorkspaceStore createWorkspace sets workspace","status":"passed","title":"createWorkspace sets workspace","duration":5.942625000000021,"failureMessages":[],"meta":{}},{"ancestorTitles":["useWorkspaceStore"],"fullName":"useWorkspaceStore createWorkspace sets error on failure","status":"passed","title":"createWorkspace sets error on failure","duration":0.32320800000002237,"failureMessages":[],"meta":{}},{"ancestorTitles":["useWorkspaceStore"],"fullName":"useWorkspaceStore closeWorkspace clears state","status":"passed","title":"closeWorkspace clears state","duration":0.15529099999992013,"failureMessages":[],"meta":{}},{"ancestorTitles":["useWorkspaceStore"],"fullName":"useWorkspaceStore closeWorkspace handles already-closed gracefully","status":"passed","title":"closeWorkspace handles already-closed gracefully","duration":3.874832999999967,"failureMessages":[],"meta":{}},{"ancestorTitles":["useWorkspaceStore"],"fullName":"useWorkspaceStore loadNotebooks fetches and stores notebooks","status":"passed","title":"loadNotebooks fetches and stores notebooks","duration":0.21524999999996908,"failureMessages":[],"meta":{}},{"ancestorTitles":["useWorkspaceStore"],"fullName":"useWorkspaceStore createNotebook creates and reloads","status":"passed","title":"createNotebook creates and reloads","duration":0.33600000000001273,"failureMessages":[],"meta":{}},{"ancestorTitles":["useWorkspaceStore"],"fullName":"useWorkspaceStore renameNotebook renames and reloads","status":"passed","title":"renameNotebook renames and reloads","duration":0.1798749999999245,"failureMessages":[],"meta":{}},{"ancestorTitles":["useWorkspaceStore"],"fullName":"useWorkspaceStore deleteNotebook deletes and reloads","status":"passed","title":"deleteNotebook deletes and reloads","duration":0.10691699999995308,"failureMessages":[],"meta":{}},{"ancestorTitles":["useWorkspaceStore"],"fullName":"useWorkspaceStore reorderNotebooks sends order and reloads","status":"passed","title":"reorderNotebooks sends order and reloads","duration":0.1117500000000291,"failureMessages":[],"meta":{}},{"ancestorTitles":["useWorkspaceStore"],"fullName":"useWorkspaceStore loadSections fetches sections by notebook","status":"passed","title":"loadSections fetches sections by notebook","duration":0.08650000000000091,"failureMessages":[],"meta":{}},{"ancestorTitles":["useWorkspaceStore"],"fullName":"useWorkspaceStore createSection creates, reloads, and returns section","status":"passed","title":"createSection creates, reloads, and returns section","duration":0.15300000000002,"failureMessages":[],"meta":{}},{"ancestorTitles":["useWorkspaceStore"],"fullName":"useWorkspaceStore createSection returns undefined on error","status":"passed","title":"createSection returns undefined on error","duration":0.181583000000046,"failureMessages":[],"meta":{}},{"ancestorTitles":["useWorkspaceStore"],"fullName":"useWorkspaceStore renameSection renames and reloads","status":"passed","title":"renameSection renames and reloads","duration":0.12208300000008876,"failureMessages":[],"meta":{}},{"ancestorTitles":["useWorkspaceStore"],"fullName":"useWorkspaceStore deleteSection finds notebook and reloads","status":"passed","title":"deleteSection finds notebook and reloads","duration":0.17899999999997362,"failureMessages":[],"meta":{}},{"ancestorTitles":["useWorkspaceStore"],"fullName":"useWorkspaceStore reorderSections sends order","status":"passed","title":"reorderSections sends order","duration":0.09562500000004093,"failureMessages":[],"meta":{}},{"ancestorTitles":["useWorkspaceStore"],"fullName":"useWorkspaceStore clearError resets error","status":"passed","title":"clearError resets error","duration":0.046790999999984706,"failureMessages":[],"meta":{}},{"ancestorTitles":["useWorkspaceStore"],"fullName":"useWorkspaceStore loadNotebooks shows toast on failure","status":"passed","title":"loadNotebooks shows toast on failure","duration":0.09666600000002745,"failureMessages":[],"meta":{}}],"startTime":1773094495334,"endTime":1773094495353.1816,"status":"passed","message":"","name":"/Users/leco/Documents/open-note/src/stores/__tests__/useWorkspaceStore.test.ts"},{"assertionResults":[{"ancestorTitles":["getStrokeOutline"],"fullName":"getStrokeOutline returns outline points from stroke points","status":"passed","title":"returns outline points from stroke points","duration":5.5658750000000055,"failureMessages":[],"meta":{}},{"ancestorTitles":["getStrokeOutline"],"fullName":"getStrokeOutline returns empty for empty points","status":"passed","title":"returns empty for empty points","duration":0.15008299999999508,"failureMessages":[],"meta":{}},{"ancestorTitles":["getStrokeOutline"],"fullName":"getStrokeOutline handles single point","status":"passed","title":"handles single point","duration":0.10345800000004601,"failureMessages":[],"meta":{}},{"ancestorTitles":["getSvgPathFromStroke"],"fullName":"getSvgPathFromStroke generates valid SVG path data from outline","status":"passed","title":"generates valid SVG path data from outline","duration":0.3621249999999918,"failureMessages":[],"meta":{}},{"ancestorTitles":["getSvgPathFromStroke"],"fullName":"getSvgPathFromStroke returns empty string for empty outline","status":"passed","title":"returns empty string for empty outline","duration":0.03454199999998764,"failureMessages":[],"meta":{}},{"ancestorTitles":["getSvgPathFromStroke"],"fullName":"getSvgPathFromStroke handles single-point outline","status":"passed","title":"handles single-point outline","duration":0.04454099999998107,"failureMessages":[],"meta":{}},{"ancestorTitles":["strokesToSvg"],"fullName":"strokesToSvg generates valid SVG with xmlns","status":"passed","title":"generates valid SVG with xmlns","duration":0.17704199999991488,"failureMessages":[],"meta":{}},{"ancestorTitles":["strokesToSvg"],"fullName":"strokesToSvg generates SVG with multiple strokes","status":"passed","title":"generates SVG with multiple strokes","duration":0.10341700000003584,"failureMessages":[],"meta":{}},{"ancestorTitles":["strokesToSvg"],"fullName":"strokesToSvg generates empty SVG for no strokes","status":"passed","title":"generates empty SVG for no strokes","duration":0.1672079999999596,"failureMessages":[],"meta":{}},{"ancestorTitles":["simplifyPoints"],"fullName":"simplifyPoints returns same points if 2 or fewer","status":"passed","title":"returns same points if 2 or fewer","duration":0.26883300000008603,"failureMessages":[],"meta":{}},{"ancestorTitles":["simplifyPoints"],"fullName":"simplifyPoints reduces collinear points","status":"passed","title":"reduces collinear points","duration":0.20762500000000728,"failureMessages":[],"meta":{}},{"ancestorTitles":["simplifyPoints"],"fullName":"simplifyPoints preserves corner points","status":"passed","title":"preserves corner points","duration":0.0721250000000282,"failureMessages":[],"meta":{}},{"ancestorTitles":["hitTestStroke"],"fullName":"hitTestStroke detects hit within threshold","status":"passed","title":"detects hit within threshold","duration":0.08733300000005784,"failureMessages":[],"meta":{}},{"ancestorTitles":["hitTestStroke"],"fullName":"hitTestStroke misses outside threshold","status":"passed","title":"misses outside threshold","duration":0.028166999999939435,"failureMessages":[],"meta":{}},{"ancestorTitles":["hitTestStroke"],"fullName":"hitTestStroke uses default threshold of 10","status":"passed","title":"uses default threshold of 10","duration":0.022082999999952335,"failureMessages":[],"meta":{}},{"ancestorTitles":["createStrokeId"],"fullName":"createStrokeId generates unique UUID strings","status":"passed","title":"generates unique UUID strings","duration":0.2508340000000544,"failureMessages":[],"meta":{}}],"startTime":1773094495263,"endTime":1773094495271.2507,"status":"passed","message":"","name":"/Users/leco/Documents/open-note/src/lib/ink/__tests__/engine.test.ts"},{"assertionResults":[{"ancestorTitles":["BlockEditor"],"fullName":"BlockEditor renders editor content","status":"passed","title":"renders editor content","duration":26.76420900000005,"failureMessages":[],"meta":{}},{"ancestorTitles":["BlockEditor"],"fullName":"BlockEditor renders floating toolbar","status":"passed","title":"renders floating toolbar","duration":2.5097920000000613,"failureMessages":[],"meta":{}},{"ancestorTitles":["BlockEditor"],"fullName":"BlockEditor renders slash command menu","status":"passed","title":"renders slash command menu","duration":3.180417000000034,"failureMessages":[],"meta":{}},{"ancestorTitles":["BlockEditor"],"fullName":"BlockEditor calls onEditorReady when editor is initialized","status":"passed","title":"calls onEditorReady when editor is initialized","duration":3.6943749999999227,"failureMessages":[],"meta":{}},{"ancestorTitles":["BlockEditor"],"fullName":"BlockEditor calls onUpdate when editor content changes","status":"passed","title":"calls onUpdate when editor content changes","duration":56.62329199999999,"failureMessages":[],"meta":{}},{"ancestorTitles":["BlockEditor"],"fullName":"BlockEditor renders without onEditorReady","status":"passed","title":"renders without onEditorReady","duration":1.05174999999997,"failureMessages":[],"meta":{}}],"startTime":1773094493922,"endTime":1773094494016.0518,"status":"passed","message":"","name":"/Users/leco/Documents/open-note/src/components/editor/__tests__/BlockEditor.test.tsx"},{"assertionResults":[{"ancestorTitles":["EditorModeToggle"],"fullName":"EditorModeToggle renders both mode buttons","status":"passed","title":"renders both mode buttons","duration":61.75587500000006,"failureMessages":[],"meta":{}},{"ancestorTitles":["EditorModeToggle"],"fullName":"EditorModeToggle highlights richtext when active","status":"passed","title":"highlights richtext when active","duration":12.082083000000011,"failureMessages":[],"meta":{}},{"ancestorTitles":["EditorModeToggle"],"fullName":"EditorModeToggle highlights markdown when active","status":"passed","title":"highlights markdown when active","duration":5.908166000000165,"failureMessages":[],"meta":{}},{"ancestorTitles":["EditorModeToggle"],"fullName":"EditorModeToggle calls onChange with richtext when richtext clicked","status":"passed","title":"calls onChange with richtext when richtext clicked","duration":70.10987499999987,"failureMessages":[],"meta":{}},{"ancestorTitles":["EditorModeToggle"],"fullName":"EditorModeToggle calls onChange with markdown when markdown clicked","status":"passed","title":"calls onChange with markdown when markdown clicked","duration":19.50041699999997,"failureMessages":[],"meta":{}},{"ancestorTitles":["EditorModeToggle"],"fullName":"EditorModeToggle has data-testid on container","status":"passed","title":"has data-testid on container","duration":2.8261660000000575,"failureMessages":[],"meta":{}}],"startTime":1773094492341,"endTime":1773094492513.8262,"status":"passed","message":"","name":"/Users/leco/Documents/open-note/src/components/editor/__tests__/EditorModeToggle.test.tsx"},{"assertionResults":[{"ancestorTitles":["FloatingToolbar"],"fullName":"FloatingToolbar renders toolbar buttons inside BubbleMenu","status":"passed","title":"renders toolbar buttons inside BubbleMenu","duration":41.14975000000004,"failureMessages":[],"meta":{}},{"ancestorTitles":["FloatingToolbar"],"fullName":"FloatingToolbar renders bold button","status":"passed","title":"renders bold button","duration":17.648542000000134,"failureMessages":[],"meta":{}},{"ancestorTitles":["FloatingToolbar"],"fullName":"FloatingToolbar renders italic button","status":"passed","title":"renders italic button","duration":22.55791700000009,"failureMessages":[],"meta":{}},{"ancestorTitles":["FloatingToolbar"],"fullName":"FloatingToolbar renders underline button","status":"passed","title":"renders underline button","duration":2.9789170000001377,"failureMessages":[],"meta":{}},{"ancestorTitles":["FloatingToolbar"],"fullName":"FloatingToolbar calls toggleBold on bold button click","status":"passed","title":"calls toggleBold on bold button click","duration":99.52674999999999,"failureMessages":[],"meta":{}},{"ancestorTitles":["FloatingToolbar"],"fullName":"FloatingToolbar calls toggleItalic on italic button click","status":"passed","title":"calls toggleItalic on italic button click","duration":22.091291000000183,"failureMessages":[],"meta":{}},{"ancestorTitles":["FloatingToolbar"],"fullName":"FloatingToolbar calls toggleUnderline on underline button click","status":"passed","title":"calls toggleUnderline on underline button click","duration":20.129250000000184,"failureMessages":[],"meta":{}},{"ancestorTitles":["FloatingToolbar"],"fullName":"FloatingToolbar calls toggleStrike on strikethrough button click","status":"passed","title":"calls toggleStrike on strikethrough button click","duration":33.80766699999981,"failureMessages":[],"meta":{}},{"ancestorTitles":["FloatingToolbar"],"fullName":"FloatingToolbar calls toggleCode on code button click","status":"passed","title":"calls toggleCode on code button click","duration":20.720375000000104,"failureMessages":[],"meta":{}},{"ancestorTitles":["FloatingToolbar"],"fullName":"FloatingToolbar renders heading buttons","status":"passed","title":"renders heading buttons","duration":4.173874999999953,"failureMessages":[],"meta":{}},{"ancestorTitles":["FloatingToolbar"],"fullName":"FloatingToolbar renders blockquote button","status":"passed","title":"renders blockquote button","duration":4.542125000000169,"failureMessages":[],"meta":{}},{"ancestorTitles":["FloatingToolbar"],"fullName":"FloatingToolbar renders link button","status":"passed","title":"renders link button","duration":4.082290999999941,"failureMessages":[],"meta":{}},{"ancestorTitles":["FloatingToolbar"],"fullName":"FloatingToolbar shows link popover on link button click","status":"passed","title":"shows link popover on link button click","duration":25.643334000000095,"failureMessages":[],"meta":{}},{"ancestorTitles":["FloatingToolbar"],"fullName":"FloatingToolbar highlights active bold button","status":"failed","title":"highlights active bold button","duration":9.82766700000002,"failureMessages":["AssertionError: expected '' to be 'var(--accent-subtle)' // Object.is equality\n    at /Users/leco/Documents/open-note/src/components/editor/__tests__/FloatingToolbar.test.tsx:160:43\n    at file:///Users/leco/Documents/open-note/node_modules/@vitest/runner/dist/chunk-hooks.js:155:11\n    at file:///Users/leco/Documents/open-note/node_modules/@vitest/runner/dist/chunk-hooks.js:752:26\n    at file:///Users/leco/Documents/open-note/node_modules/@vitest/runner/dist/chunk-hooks.js:1897:20\n    at new Promise (<anonymous>)\n    at runWithTimeout (file:///Users/leco/Documents/open-note/node_modules/@vitest/runner/dist/chunk-hooks.js:1863:10)\n    at runTest (file:///Users/leco/Documents/open-note/node_modules/@vitest/runner/dist/chunk-hooks.js:1574:12)\n    at runSuite (file:///Users/leco/Documents/open-note/node_modules/@vitest/runner/dist/chunk-hooks.js:1729:8)\n    at runSuite (file:///Users/leco/Documents/open-note/node_modules/@vitest/runner/dist/chunk-hooks.js:1729:8)\n    at runFiles (file:///Users/leco/Documents/open-note/node_modules/@vitest/runner/dist/chunk-hooks.js:1787:3)"],"meta":{}}],"startTime":1773094489358,"endTime":1773094489686.8276,"status":"failed","message":"","name":"/Users/leco/Documents/open-note/src/components/editor/__tests__/FloatingToolbar.test.tsx"},{"assertionResults":[{"ancestorTitles":["LinkPopover"],"fullName":"LinkPopover renders input with initial URL","status":"passed","title":"renders input with initial URL","duration":34.45495800000003,"failureMessages":[],"meta":{}},{"ancestorTitles":["LinkPopover"],"fullName":"LinkPopover focuses input on mount","status":"passed","title":"focuses input on mount","duration":4.572416000000203,"failureMessages":[],"meta":{}},{"ancestorTitles":["LinkPopover"],"fullName":"LinkPopover calls onSubmit with URL on Enter","status":"passed","title":"calls onSubmit with URL on Enter","duration":162.45120800000018,"failureMessages":[],"meta":{}},{"ancestorTitles":["LinkPopover"],"fullName":"LinkPopover calls onClose on Escape","status":"passed","title":"calls onClose on Escape","duration":34.78004099999998,"failureMessages":[],"meta":{}},{"ancestorTitles":["LinkPopover"],"fullName":"LinkPopover auto-prepends https:// when missing","status":"passed","title":"auto-prepends https:// when missing","duration":58.544000000000096,"failureMessages":[],"meta":{}},{"ancestorTitles":["LinkPopover"],"fullName":"LinkPopover shows remove button only when initialUrl provided","status":"passed","title":"shows remove button only when initialUrl provided","duration":5.27795900000001,"failureMessages":[],"meta":{}},{"ancestorTitles":["LinkPopover"],"fullName":"LinkPopover calls onRemove when remove button clicked","status":"passed","title":"calls onRemove when remove button clicked","duration":19.780708999999888,"failureMessages":[],"meta":{}}],"startTime":1773094491715,"endTime":1773094492035.7808,"status":"passed","message":"","name":"/Users/leco/Documents/open-note/src/components/editor/__tests__/LinkPopover.test.tsx"},{"assertionResults":[{"ancestorTitles":["MarkdownEditor"],"fullName":"MarkdownEditor renders container div","status":"passed","title":"renders container div","duration":20.84462499999995,"failureMessages":[],"meta":{}},{"ancestorTitles":["MarkdownEditor"],"fullName":"MarkdownEditor renders with dark theme","status":"passed","title":"renders with dark theme","duration":2.265041999999994,"failureMessages":[],"meta":{}},{"ancestorTitles":["MarkdownEditor"],"fullName":"MarkdownEditor renders with min-height style","status":"passed","title":"renders with min-height style","duration":2.1168330000000424,"failureMessages":[],"meta":{}},{"ancestorTitles":["MarkdownEditor"],"fullName":"MarkdownEditor has proper class names","status":"passed","title":"has proper class names","duration":1.1704169999999294,"failureMessages":[],"meta":{}},{"ancestorTitles":["MarkdownEditor"],"fullName":"MarkdownEditor re-renders when theme changes","status":"passed","title":"re-renders when theme changes","duration":7.929082999999991,"failureMessages":[],"meta":{}}],"startTime":1773094494414,"endTime":1773094494447.9292,"status":"passed","message":"","name":"/Users/leco/Documents/open-note/src/components/editor/__tests__/MarkdownEditor.test.tsx"},{"assertionResults":[{"ancestorTitles":["PageEditor"],"fullName":"PageEditor renders page editor container","status":"passed","title":"renders page editor container","duration":24.34141699999998,"failureMessages":[],"meta":{}},{"ancestorTitles":["PageEditor"],"fullName":"PageEditor renders title editor with page title","status":"passed","title":"renders title editor with page title","duration":3.0147499999999354,"failureMessages":[],"meta":{}},{"ancestorTitles":["PageEditor"],"fullName":"PageEditor renders mode toggle","status":"passed","title":"renders mode toggle","duration":9.489124999999945,"failureMessages":[],"meta":{}},{"ancestorTitles":["PageEditor"],"fullName":"PageEditor renders block editor in richtext mode by default","status":"passed","title":"renders block editor in richtext mode by default","duration":2.1752910000000156,"failureMessages":[],"meta":{}},{"ancestorTitles":["PageEditor"],"fullName":"PageEditor switches to markdown mode on toggle","status":"passed","title":"switches to markdown mode on toggle","duration":14.974000000000046,"failureMessages":[],"meta":{}},{"ancestorTitles":["PageEditor"],"fullName":"PageEditor switches back to richtext mode","status":"passed","title":"switches back to richtext mode","duration":12.114541000000031,"failureMessages":[],"meta":{}},{"ancestorTitles":["PageEditor"],"fullName":"PageEditor renders ink overlay","status":"passed","title":"renders ink overlay","duration":0.9861250000000155,"failureMessages":[],"meta":{}},{"ancestorTitles":["PageEditor"],"fullName":"PageEditor calls updatePageTitle on title change","status":"passed","title":"calls updatePageTitle on title change","duration":1.7932499999999436,"failureMessages":[],"meta":{}},{"ancestorTitles":["PageEditor"],"fullName":"PageEditor calls forceSave on blur","status":"passed","title":"calls forceSave on blur","duration":6.479000000000042,"failureMessages":[],"meta":{}},{"ancestorTitles":["PageEditor"],"fullName":"PageEditor toggles mode on Cmd+Shift+M","status":"passed","title":"toggles mode on Cmd+Shift+M","duration":7.526000000000067,"failureMessages":[],"meta":{}},{"ancestorTitles":["PageEditor"],"fullName":"PageEditor handles markdown content changes","status":"passed","title":"handles markdown content changes","duration":5.035708999999997,"failureMessages":[],"meta":{}}],"startTime":1773094494256,"endTime":1773094494345.0356,"status":"passed","message":"","name":"/Users/leco/Documents/open-note/src/components/editor/__tests__/PageEditor.test.tsx"},{"assertionResults":[{"ancestorTitles":["SlashCommandMenu"],"fullName":"SlashCommandMenu renders without crashing","status":"passed","title":"renders without crashing","duration":20.267832999999996,"failureMessages":[],"meta":{}},{"ancestorTitles":["SlashCommandMenu"],"fullName":"SlashCommandMenu does not show menu by default","status":"passed","title":"does not show menu by default","duration":16.25583400000005,"failureMessages":[],"meta":{}},{"ancestorTitles":["SlashCommandMenu"],"fullName":"SlashCommandMenu menu renders nothing initially (no slash typed)","status":"passed","title":"menu renders nothing initially (no slash typed)","duration":10.83833299999992,"failureMessages":[],"meta":{}}],"startTime":1773094495028,"endTime":1773094495074.8384,"status":"passed","message":"","name":"/Users/leco/Documents/open-note/src/components/editor/__tests__/SlashCommandMenu.test.tsx"},{"assertionResults":[{"ancestorTitles":["TitleEditor"],"fullName":"TitleEditor renders with title text","status":"passed","title":"renders with title text","duration":32.78120799999999,"failureMessages":[],"meta":{}},{"ancestorTitles":["TitleEditor"],"fullName":"TitleEditor is contentEditable","status":"passed","title":"is contentEditable","duration":4.061625000000049,"failureMessages":[],"meta":{}},{"ancestorTitles":["TitleEditor"],"fullName":"TitleEditor has textbox role","status":"passed","title":"has textbox role","duration":119.83508299999994,"failureMessages":[],"meta":{}},{"ancestorTitles":["TitleEditor"],"fullName":"TitleEditor calls onTitleChange on blur with changed text","status":"passed","title":"calls onTitleChange on blur with changed text","duration":8.286417000000029,"failureMessages":[],"meta":{}},{"ancestorTitles":["TitleEditor"],"fullName":"TitleEditor does not call onTitleChange on blur if text unchanged","status":"passed","title":"does not call onTitleChange on blur if text unchanged","duration":5.505332999999837,"failureMessages":[],"meta":{}},{"ancestorTitles":["TitleEditor"],"fullName":"TitleEditor prevents Enter key default and focuses editor","status":"passed","title":"prevents Enter key default and focuses editor","duration":1.9942499999999654,"failureMessages":[],"meta":{}},{"ancestorTitles":["TitleEditor"],"fullName":"TitleEditor has data-placeholder attribute","status":"passed","title":"has data-placeholder attribute","duration":0.6501660000001266,"failureMessages":[],"meta":{}}],"startTime":1773094493437,"endTime":1773094493609.6501,"status":"passed","message":"","name":"/Users/leco/Documents/open-note/src/components/editor/__tests__/TitleEditor.test.tsx"},{"assertionResults":[{"ancestorTitles":["PageView"],"fullName":"PageView renders page editor with page data","status":"passed","title":"renders page editor with page data","duration":77.44095800000002,"failureMessages":[],"meta":{}},{"ancestorTitles":["PageView"],"fullName":"PageView renders tag editor with page tags","status":"passed","title":"renders tag editor with page tags","duration":2.460790999999972,"failureMessages":[],"meta":{}},{"ancestorTitles":["PageView"],"fullName":"PageView renders with empty tags","status":"passed","title":"renders with empty tags","duration":19.203000000000088,"failureMessages":[],"meta":{}}],"startTime":1773094494336,"endTime":1773094494435.203,"status":"passed","message":"","name":"/Users/leco/Documents/open-note/src/components/pages/__tests__/PageView.test.tsx"},{"assertionResults":[{"ancestorTitles":["TagEditor"],"fullName":"TagEditor renders existing tags","status":"passed","title":"renders existing tags","duration":29.939041999999972,"failureMessages":[],"meta":{}},{"ancestorTitles":["TagEditor"],"fullName":"TagEditor renders add tag button","status":"passed","title":"renders add tag button","duration":3.1311660000000074,"failureMessages":[],"meta":{}},{"ancestorTitles":["TagEditor"],"fullName":"TagEditor shows input when add button clicked","status":"passed","title":"shows input when add button clicked","duration":67.40750000000003,"failureMessages":[],"meta":{}},{"ancestorTitles":["TagEditor"],"fullName":"TagEditor shows remove button on each tag","status":"passed","title":"shows remove button on each tag","duration":4.263500000000022,"failureMessages":[],"meta":{}},{"ancestorTitles":["TagEditor"],"fullName":"TagEditor calls updatePage when remove button clicked","status":"passed","title":"calls updatePage when remove button clicked","duration":25.154292000000055,"failureMessages":[],"meta":{}},{"ancestorTitles":["TagEditor"],"fullName":"TagEditor adds tag on Enter key","status":"passed","title":"adds tag on Enter key","duration":56.189500000000066,"failureMessages":[],"meta":{}},{"ancestorTitles":["TagEditor"],"fullName":"TagEditor adds tag on comma key","status":"passed","title":"adds tag on comma key","duration":50.64545900000007,"failureMessages":[],"meta":{}},{"ancestorTitles":["TagEditor"],"fullName":"TagEditor closes input on Escape","status":"passed","title":"closes input on Escape","duration":27.589249999999993,"failureMessages":[],"meta":{}},{"ancestorTitles":["TagEditor"],"fullName":"TagEditor fetches all tags when input shown","status":"passed","title":"fetches all tags when input shown","duration":12.637708999999859,"failureMessages":[],"meta":{}},{"ancestorTitles":["TagEditor"],"fullName":"TagEditor shows suggestions matching draft","status":"passed","title":"shows suggestions matching draft","duration":43.99108300000012,"failureMessages":[],"meta":{}},{"ancestorTitles":["TagEditor"],"fullName":"TagEditor does not suggest already-added tags","status":"passed","title":"does not suggest already-added tags","duration":54.88758299999995,"failureMessages":[],"meta":{}}],"startTime":1773094490675,"endTime":1773094491051.8877,"status":"passed","message":"","name":"/Users/leco/Documents/open-note/src/components/pages/__tests__/TagEditor.test.tsx"},{"assertionResults":[{"ancestorTitles":["WelcomePage"],"fullName":"WelcomePage renders welcome message","status":"passed","title":"renders welcome message","duration":85.16079200000001,"failureMessages":[],"meta":{}},{"ancestorTitles":["WelcomePage"],"fullName":"WelcomePage renders logo image","status":"passed","title":"renders logo image","duration":16.253332999999998,"failureMessages":[],"meta":{}},{"ancestorTitles":["WelcomePage"],"fullName":"WelcomePage renders keyboard shortcuts hints","status":"passed","title":"renders keyboard shortcuts hints","duration":47.649625000000015,"failureMessages":[],"meta":{}},{"ancestorTitles":["WelcomePage"],"fullName":"WelcomePage renders background pattern","status":"passed","title":"renders background pattern","duration":30.943750000000023,"failureMessages":[],"meta":{}}],"startTime":1773094493103,"endTime":1773094493282.9438,"status":"passed","message":"","name":"/Users/leco/Documents/open-note/src/components/pages/__tests__/WelcomePage.test.tsx"},{"assertionResults":[{"ancestorTitles":["AppearanceSection"],"fullName":"AppearanceSection renders theme buttons","status":"passed","title":"renders theme buttons","duration":57.78804200000013,"failureMessages":[],"meta":{}},{"ancestorTitles":["Appea
[...]
// Object.is equality\n    at /Users/leco/Documents/open-note/src/components/sidebar/__tests__/NotebookTree.test.tsx:260:40\n    at file:///Users/leco/Documents/open-note/node_modules/@vitest/runner/dist/chunk-hooks.js:155:11\n    at file:///Users/leco/Documents/open-note/node_modules/@vitest/runner/dist/chunk-hooks.js:752:26\n    at file:///Users/leco/Documents/open-note/node_modules/@vitest/runner/dist/chunk-hooks.js:1897:20\n    at new Promise (<anonymous>)\n    at runWithTimeout (file:///Users/leco/Documents/open-note/node_modules/@vitest/runner/dist/chunk-hooks.js:1863:10)\n    at runTest (file:///Users/leco/Documents/open-note/node_modules/@vitest/runner/dist/chunk-hooks.js:1574:12)\n    at runSuite (file:///Users/leco/Documents/open-note/node_modules/@vitest/runner/dist/chunk-hooks.js:1729:8)\n    at runSuite (file:///Users/leco/Documents/open-note/node_modules/@vitest/runner/dist/chunk-hooks.js:1729:8)\n    at runFiles (file:///Users/leco/Documents/open-note/node_modules/@vitest/runner/dist/chunk-hooks.js:1787:3)"],"meta":{}},{"ancestorTitles":["NotebookTree"],"fullName":"NotebookTree shows empty tree when no notebooks","status":"passed","title":"shows empty tree when no notebooks","duration":2.9134169999999813,"failureMessages":[],"meta":{}},{"ancestorTitles":["NotebookTree"],"fullName":"NotebookTree opens inline rename on double-click","status":"passed","title":"opens inline rename on double-click","duration":29.558250000000044,"failureMessages":[],"meta":{}},{"ancestorTitles":["NotebookTree"],"fullName":"NotebookTree opens inline rename on F2","status":"passed","title":"opens inline rename on F2","duration":4.353958000000148,"failureMessages":[],"meta":{}},{"ancestorTitles":["NotebookTree"],"fullName":"NotebookTree submits rename on Enter","status":"passed","title":"submits rename on Enter","duration":79.80329199999983,"failureMessages":[],"meta":{}},{"ancestorTitles":["NotebookTree"],"fullName":"NotebookTree cancels rename on Escape","status":"passed","title":"cancels rename on Escape","duration":57.20533299999988,"failureMessages":[],"meta":{}},{"ancestorTitles":["NotebookTree"],"fullName":"NotebookTree Enter triggers click on tree item","status":"passed","title":"Enter triggers click on tree item","duration":2.843166999999994,"failureMessages":[],"meta":{}},{"ancestorTitles":["NotebookTree"],"fullName":"NotebookTree supports drag and drop on notebooks","status":"passed","title":"supports drag and drop on notebooks","duration":4.041249999999991,"failureMessages":[],"meta":{}}],"startTime":1773094489397,"endTime":1773094489815.0413,"status":"failed","message":"","name":"/Users/leco/Documents/open-note/src/components/sidebar/__tests__/NotebookTree.test.tsx"},{"assertionResults":[{"ancestorTitles":["Sidebar"],"fullName":"Sidebar renders nothing when sidebar is closed","status":"passed","title":"renders nothing when sidebar is closed","duration":11.965625000000045,"failureMessages":[],"meta":{}},{"ancestorTitles":["Sidebar"],"fullName":"Sidebar renders sidebar when open","status":"passed","title":"renders sidebar when open","duration":53.615583000000015,"failureMessages":[],"meta":{}},{"ancestorTitles":["Sidebar"],"fullName":"Sidebar renders NotebookTree","status":"passed","title":"renders NotebookTree","duration":6.160000000000082,"failureMessages":[],"meta":{}},{"ancestorTitles":["Sidebar"],"fullName":"Sidebar renders SidebarFooter","status":"passed","title":"renders SidebarFooter","duration":8.108833000000004,"failureMessages":[],"meta":{}},{"ancestorTitles":["Sidebar"],"fullName":"Sidebar renders resize handle","status":"passed","title":"renders resize handle","duration":6.611625000000004,"failureMessages":[],"meta":{}},{"ancestorTitles":["Sidebar"],"fullName":"Sidebar applies sidebar width from store","status":"passed","title":"applies sidebar width from store","duration":8.98808299999996,"failureMessages":[],"meta":{}},{"ancestorTitles":["Sidebar"],"fullName":"Sidebar has nav with aria-label","status":"passed","title":"has nav with aria-label","duration":2.5862500000000637,"failureMessages":[],"meta":{}}],"startTime":1773094493410,"endTime":1773094493508.5862,"status":"passed","message":"","name":"/Users/leco/Documents/open-note/src/components/sidebar/__tests__/Sidebar.test.tsx"},{"assertionResults":[{"ancestorTitles":["SidebarFooter"],"fullName":"SidebarFooter renders footer with data-testid","status":"passed","title":"renders footer with data-testid","duration":52.68237499999998,"failureMessages":[],"meta":{}},{"ancestorTitles":["SidebarFooter"],"fullName":"SidebarFooter renders new notebook button","status":"passed","title":"renders new notebook button","duration":6.101167000000032,"failureMessages":[],"meta":{}},{"ancestorTitles":["SidebarFooter"],"fullName":"SidebarFooter renders trash button","status":"passed","title":"renders trash button","duration":5.58304099999998,"failureMessages":[],"meta":{}},{"ancestorTitles":["SidebarFooter"],"fullName":"SidebarFooter renders settings button","status":"passed","title":"renders settings button","duration":6.48112500000002,"failureMessages":[],"meta":{}},{"ancestorTitles":["SidebarFooter"],"fullName":"SidebarFooter opens trash panel on trash click","status":"passed","title":"opens trash panel on trash click","duration":238.33399999999995,"failureMessages":[],"meta":{}},{"ancestorTitles":["SidebarFooter"],"fullName":"SidebarFooter opens settings on settings click","status":"passed","title":"opens settings on settings click","duration":44.035290999999916,"failureMessages":[],"meta":{}},{"ancestorTitles":["SidebarFooter"],"fullName":"SidebarFooter opens workspace picker on workspace button click","status":"passed","title":"opens workspace picker on workspace button click","duration":21.39154099999996,"failureMessages":[],"meta":{}},{"ancestorTitles":["SidebarFooter"],"fullName":"SidebarFooter renders close workspace button","status":"passed","title":"renders close workspace button","duration":12.068125000000009,"failureMessages":[],"meta":{}},{"ancestorTitles":["SidebarFooter"],"fullName":"SidebarFooter closes workspace and opens picker on close click","status":"passed","title":"closes workspace and opens picker on close click","duration":134.52037500000006,"failureMessages":[],"meta":{}},{"ancestorTitles":["SidebarFooter"],"fullName":"SidebarFooter shows create dialog on new notebook click","status":"passed","title":"shows create dialog on new notebook click","duration":44.4826250000001,"failureMessages":[],"meta":{}}],"startTime":1773094490936,"endTime":1773094491502.4827,"status":"passed","message":"","name":"/Users/leco/Documents/open-note/src/components/sidebar/__tests__/SidebarFooter.test.tsx"},{"assertionResults":[{"ancestorTitles":["WorkspaceSwitcher"],"fullName":"WorkspaceSwitcher renders_focused_workspace_name","status":"passed","title":"renders_focused_workspace_name","duration":24.35654199999999,"failureMessages":[],"meta":{}},{"ancestorTitles":["WorkspaceSwitcher"],"fullName":"WorkspaceSwitcher shows_none_open_when_no_workspace","status":"passed","title":"shows_none_open_when_no_workspace","duration":4.096582999999896,"failureMessages":[],"meta":{}},{"ancestorTitles":["WorkspaceSwitcher"],"fullName":"WorkspaceSwitcher popover_lists_all_workspaces","status":"passed","title":"popover_lists_all_workspaces","duration":91.8737910000001,"failureMessages":[],"meta":{}},{"ancestorTitles":["WorkspaceSwitcher"],"fullName":"WorkspaceSwitcher focused_workspace_has_check_mark","status":"passed","title":"focused_workspace_has_check_mark","duration":27.46737500000006,"failureMessages":[],"meta":{}},{"ancestorTitles":["WorkspaceSwitcher"],"fullName":"WorkspaceSwitcher click_workspace_focuses_it","status":"passed","title":"click_workspace_focuses_it","duration":34.66324999999995,"failureMessages":[],"meta":{}},{"ancestorTitles":["WorkspaceSwitcher"],"fullName":"WorkspaceSwitcher click_same_workspace_closes_popover","status":"passed","title":"click_same_workspace_closes_popover","duration":34.15037499999994,"failureMessages":[],"meta":{}},{"ancestorTitles":["WorkspaceSwitcher"],"fullName":"WorkspaceSwitcher close_button_shows_confirmation","status":"passed","title":"close_button_shows_confirmation","duration":39.83995899999991,"failureMessages":[],"meta":{}},{"ancestorTitles":["WorkspaceSwitcher"],"fullName":"WorkspaceSwitcher confirm_close_removes_workspace","status":"passed","title":"confirm_close_removes_workspace","duration":56.059541999999965,"failureMessages":[],"meta":{}},{"ancestorTitles":["WorkspaceSwitcher"],"fullName":"WorkspaceSwitcher escape_closes_popover","status":"passed","title":"escape_closes_popover","duration":28.997167000000218,"failureMessages":[],"meta":{}},{"ancestorTitles":["WorkspaceSwitcher"],"fullName":"WorkspaceSwitcher open_another_calls_prop_handler","status":"passed","title":"open_another_calls_prop_handler","duration":25.747333000000026,"failureMessages":[],"meta":{}},{"ancestorTitles":["WorkspaceSwitcher"],"fullName":"WorkspaceSwitcher create_another_calls_prop_handler","status":"passed","title":"create_another_calls_prop_handler","duration":27.22633399999995,"failureMessages":[],"meta":{}},{"ancestorTitles":["WorkspaceSwitcher"],"fullName":"WorkspaceSwitcher outside_click_closes_popover","status":"passed","title":"outside_click_closes_popover","duration":27.643125000000055,"failureMessages":[],"meta":{}}],"startTime":1773094490481,"endTime":1773094490906.643,"status":"passed","message":"","name":"/Users/leco/Documents/open-note/src/components/sidebar/__tests__/WorkspaceSwitcher.test.tsx"},{"assertionResults":[{"ancestorTitles":["Button"],"fullName":"Button renders correctly with default props","status":"passed","title":"renders correctly with default props","duration":127.390083,"failureMessages":[],"meta":{}},{"ancestorTitles":["Button"],"fullName":"Button handles clicks","status":"passed","title":"handles clicks","duration":38.885583,"failureMessages":[],"meta":{}},{"ancestorTitles":["Button"],"fullName":"Button can be disabled","status":"passed","title":"can be disabled","duration":12.132667000000083,"failureMessages":[],"meta":{}},{"ancestorTitles":["Button"],"fullName":"Button renders with a shortcut badge","status":"passed","title":"renders with a shortcut badge","duration":11.586874999999964,"failureMessages":[],"meta":{}},{"ancestorTitles":["Button"],"fullName":"Button renders with a custom badge","status":"passed","title":"renders with a custom badge","duration":14.037041999999929,"failureMessages":[],"meta":{}},{"ancestorTitles":["Button"],"fullName":"Button renders an icon properly","status":"passed","title":"renders an icon properly","duration":2.530708000000004,"failureMessages":[],"meta":{}},{"ancestorTitles":["Button"],"fullName":"Button shows loading state","status":"passed","title":"shows loading state","duration":20.498624999999947,"failureMessages":[],"meta":{}},{"ancestorTitles":["Button"],"fullName":"Button adds custom classes, sizing, and variant logic","status":"passed","title":"adds custom classes, sizing, and variant logic","duration":10.996040999999877,"failureMessages":[],"meta":{}}],"startTime":1773094492181,"endTime":1773094492418.996,"status":"passed","message":"","name":"/Users/leco/Documents/open-note/src/components/ui/__tests__/Button.test.tsx"},{"assertionResults":[{"ancestorTitles":["ContextMenuPrimitive"],"fullName":"ContextMenuPrimitive renders correctly at specified position","status":"passed","title":"renders correctly at specified position","duration":99.10716700000012,"failureMessages":[],"meta":{}},{"ancestorTitles":["ContextMenuPrimitive"],"fullName":"ContextMenuPrimitive calls onClose when Escape is pressed","status":"passed","title":"calls onClose when Escape is pressed","duration":16.20941700000003,"failureMessages":[],"meta":{}},{"ancestorTitles":["ContextMenuPrimitive"],"fullName":"ContextMenuPrimitive calls onClose when clicking outside","status":"passed","title":"calls onClose when clicking outside","duration":59.15366599999993,"failureMessages":[],"meta":{}},{"ancestorTitles":["ContextMenuPrimitive"],"fullName":"ContextMenuPrimitive MenuItem handles clicks and avoids disabled clicks","status":"passed","title":"MenuItem handles clicks and avoids disabled clicks","duration":7.520291000000043,"failureMessages":[],"meta":{}},{"ancestorTitles":["ContextMenuPrimitive"],"fullName":"ContextMenuPrimitive supports keyboard navigation (ArrowDown, ArrowUp, Enter)","status":"passed","title":"supports keyboard navigation (ArrowDown, ArrowUp, Enter)","duration":29.435458000000153,"failureMessages":[],"meta":{}}],"startTime":1773094491976,"endTime":1773094492187.4355,"status":"passed","message":"","name":"/Users/leco/Documents/open-note/src/components/ui/__tests__/ContextMenuPrimitive.test.tsx"},{"assertionResults":[{"ancestorTitles":["Dialog"],"fullName":"Dialog renders correctly when open","status":"passed","title":"renders correctly when open","duration":131.32391699999994,"failureMessages":[],"meta":{}},{"ancestorTitles":["Dialog"],"fullName":"Dialog does not render when closed","status":"passed","title":"does not render when closed","duration":2.848333000000139,"failureMessages":[],"meta":{}},{"ancestorTitles":["Dialog"],"fullName":"Dialog calls onClose when escape is pressed","status":"passed","title":"calls onClose when escape is pressed","duration":24.185166999999865,"failureMessages":[],"meta":{}},{"ancestorTitles":["Dialog"],"fullName":"Dialog calls onClose when close button is clicked","status":"passed","title":"calls onClose when close button is clicked","duration":16.331709000000046,"failureMessages":[],"meta":{}},{"ancestorTitles":["Dialog"],"fullName":"Dialog calls onClose when backdrop is clicked","status":"passed","title":"calls onClose when backdrop is clicked","duration":11.189791000000014,"failureMessages":[],"meta":{}},{"ancestorTitles":["Dialog"],"fullName":"Dialog does NOT call onClose when clicking inside the dialog","status":"passed","title":"does NOT call onClose when clicking inside the dialog","duration":2.019416999999976,"failureMessages":[],"meta":{}},{"ancestorTitles":["Dialog"],"fullName":"Dialog focus trap and keyboard tabbing","status":"passed","title":"focus trap and keyboard tabbing","duration":70.75579199999993,"failureMessages":[],"meta":{}}],"startTime":1773094492130,"endTime":1773094492388.7559,"status":"passed","message":"","name":"/Users/leco/Documents/open-note/src/components/ui/__tests__/Dialog.test.tsx"},{"assertionResults":[{"ancestorTitles":["IconButton"],"fullName":"IconButton renders correctly with an icon","status":"passed","title":"renders correctly with an icon","duration":112.69462499999997,"failureMessages":[],"meta":{}},{"ancestorTitles":["IconButton"],"fullName":"IconButton handles click events","status":"passed","title":"handles click events","duration":17.02108300000009,"failureMessages":[],"meta":{}},{"ancestorTitles":["IconButton"],"fullName":"IconButton can be disabled","status":"passed","title":"can be disabled","duration":18.560375000000022,"failureMessages":[],"meta":{}},{"ancestorTitles":["IconButton"],"fullName":"IconButton shows active state","status":"passed","title":"shows active state","duration":3.989417000000003,"failureMessages":[],"meta":{}},{"ancestorTitles":["IconButton"],"fullName":"IconButton shows loading state and hides icon","status":"passed","title":"shows loading state and hides icon","duration":3.8424170000000686,"failureMessages":[],"meta":{}},{"ancestorTitles":["IconButton"],"fullName":"IconButton can be triggered with keyboard enter or space","status":"passed","title":"can be triggered with keyboard enter or space","duration":14.775791000000027,"failureMessages":[],"meta":{}}],"startTime":1773094492883,"endTime":1773094493054.776,"status":"passed","message":"","name":"/Users/leco/Documents/open-note/src/components/ui/__tests__/IconButton.test.tsx"},{"assertionResults":[{"ancestorTitles":["Input"],"fullName":"Input renders correctly","status":"passed","title":"renders correctly","duration":25.822374999999965,"failureMessages":[],"meta":{}},{"ancestorTitles":["Input"],"fullName":"Input handles changes","status":"passed","title":"handles changes","duration":4.589125000000081,"failureMessages":[],"meta":{}},{"ancestorTitles":["Input"],"fullName":"Input displays an icon","status":"passed","title":"displays an icon","duration":5.543166000000042,"failureMessages":[],"meta":{}},{"ancestorTitles":["Input"],"fullName":"Input shows error state and message","status":"passed","title":"shows error state and message","duration":120.07449999999994,"failureMessages":[],"meta":{}},{"ancestorTitles":["Input"],"fullName":"Input can be disabled","status":"passed","title":"can be disabled","duration":4.006167000000005,"failureMessages":[],"meta":{}}],"startTime":1773094493343,"endTime":1773094493503.006,"status":"passed","message":"","name":"/Users/leco/Documents/open-note/src/components/ui/__tests__/Input.test.tsx"},{"assertionResults":[{"ancestorTitles":["WorkspacePicker"],"fullName":"WorkspacePicker renders workspace picker","status":"passed","title":"renders workspace picker","duration":57.59045800000001,"failureMessages":[],"meta":{}},{"ancestorTitles":["WorkspacePicker"],"fullName":"WorkspacePicker shows title","status":"passed","title":"shows title","duration":49.93324999999993,"failureMessages":[],"meta":{}},{"ancestorTitles":["WorkspacePicker"],"fullName":"WorkspacePicker shows loading state initially","status":"passed","title":"shows loading state initially","duration":20.092500000000086,"failureMessages":[],"meta":{}},{"ancestorTitles":["WorkspacePicker"],"fullName":"WorkspacePicker shows create and open buttons after loading","status":"passed","title":"shows create and open buttons after loading","duration":42.06787500000007,"failureMessages":[],"meta":{}},{"ancestorTitles":["WorkspacePicker"],"fullName":"WorkspacePicker shows cloud button (disabled)","status":"passed","title":"shows cloud button (disabled)","duration":38.38595900000007,"failureMessages":[],"meta":{}},{"ancestorTitles":["WorkspacePicker"],"fullName":"WorkspacePicker shows recent workspaces when available","status":"passed","title":"shows recent workspaces when available","duration":47.07329100000004,"failureMessages":[],"meta":{}},{"ancestorTitles":["WorkspacePicker"],"fullName":"WorkspacePicker shows create form when create button clicked","status":"passed","title":"shows create form when create button clicked","duration":96.32400000000007,"failureMessages":[],"meta":{}},{"ancestorTitles":["WorkspacePicker"],"fullName":"WorkspacePicker shows name input in create form","status":"passed","title":"shows name input in create form","duration":57.67616700000008,"failureMessages":[],"meta":{}},{"ancestorTitles":["WorkspacePicker"],"fullName":"WorkspacePicker shows error state when getAppState fails","status":"passed","title":"shows error state when getAppState fails","duration":32.70637499999998,"failureMessages":[],"meta":{}},{"ancestorTitles":["WorkspacePicker"],"fullName":"WorkspacePicker modal_mode_has_backdrop","status":"passed","title":"modal_mode_has_backdrop","duration":4.138750000000073,"failureMessages":[],"meta":{}},{"ancestorTitles":["WorkspacePicker"],"fullName":"WorkspacePicker modal_mode_has_close_button","status":"passed","title":"modal_mode_has_close_button","duration":6.7173340000001645,"failureMessages":[],"meta":{}},{"ancestorTitles":["WorkspacePicker"],"fullName":"WorkspacePicker modal_mode_close_button_calls_onClose","status":"passed","title":"modal_mode_close_button_calls_onClose","duration":40.92062499999997,"failureMessages":[],"meta":{}},{"ancestorTitles":["WorkspacePicker"],"fullName":"WorkspacePicker fullscreen_mode_unchanged","status":"passed","title":"fullscreen_mode_unchanged","duration":33.49958399999991,"failureMessages":[],"meta":{}}],"startTime":1773094490530,"endTime":1773094491057.4995,"status":"passed","message":"","name":"/Users/leco/Documents/open-note/src/components/workspace/__tests__/WorkspacePicker.test.tsx"}]}
